#
# A fatal error has been detected by the Java Runtime Environment:
#
#  SIGSEGV (0xb) at pc=0x00000001216dc000, pid=1845, tid=3331
#
# JRE version: OpenJDK Runtime Environment Zulu17.40+19-CA (17.0.6+10) (build 17.0.6+10-LTS)
# Java VM: OpenJDK 64-Bit Server VM Zulu17.40+19-CA (17.0.6+10-LTS, mixed mode, sharing, tiered, compressed oops, compressed class ptrs, g1 gc, bsd-amd64)
# Problematic frame:
# C  [libnative-platform-file-events.dylib+0x0]  __dso_handle+0x0
#
# No core dump will be written. Core dumps have been disabled. To enable core dumping, try "ulimit -c unlimited" before starting Java again
#
# If you would like to submit a bug report, please visit:
#   http://www.azul.com/support/
#

---------------  S U M M A R Y ------------

Command Line: --add-opens=java.base/java.util=ALL-UNNAMED --add-opens=java.base/java.lang=ALL-UNNAMED --add-opens=java.base/java.lang.invoke=ALL-UNNAMED --add-opens=java.prefs/java.util.prefs=ALL-UNNAMED --add-opens=java.base/java.nio.charset=ALL-UNNAMED --add-opens=java.base/java.net=ALL-UNNAMED --add-opens=java.base/java.util.concurrent.atomic=ALL-UNNAMED -XX:MaxMetaspaceSize=384m -XX:+HeapDumpOnOutOfMemoryError -Xms256m -Xmx512m -Dfile.encoding=UTF-8 -Duser.country=KR -Duser.language=ko -Duser.variant -javaagent:/Users/macbook/.gradle/wrapper/dists/gradle-8.8-bin/dl7vupf4psengwqhwktix4v1/gradle-8.8/lib/agents/gradle-instrumentation-agent-8.8.jar org.gradle.launcher.daemon.bootstrap.GradleDaemon 8.8

Host: "MacBookPro11,5" x86_64 2500 MHz, 8 cores, 16G, Darwin 18.7.0, macOS 10.14.6 (18G103)
Time: Tue Aug 27 22:42:55 2024 KST elapsed time: 2552.821113 seconds (0d 0h 42m 32s)

---------------  T H R E A D  ---------------

Current thread is native thread

Stack: [0x0000700005b73000,0x0000700005bf3000],  sp=0x0000700005bf0298,  free space=500k
Native frames: (J=compiled Java code, j=interpreted, Vv=VM code, C=native code)
C  [libnative-platform-file-events.dylib+0x0]  __dso_handle+0x0
C  [libnative-platform-file-events.dylib+0x15c27]  _ZNSt3__116__variant_detail6__ctorINS0_8__traitsIJ9FileEvent10ErrorEvent10PoisonPillEEEE19__generic_constructB7v160006IRKNS0_18__copy_constructorIS6_LNS0_6_TraitE1EEEEEvRS7_OT_+0x47
C  [libnative-platform-file-events.dylib+0x15b8a]  _ZNSt3__116__variant_detail18__copy_constructorINS0_8__traitsIJ9FileEvent10ErrorEvent10PoisonPillEEELNS0_6_TraitE1EEC2ERKS8_+0x2a
C  [libnative-platform-file-events.dylib+0x15b4d]  _ZNSt3__116__variant_detail12__assignmentINS0_8__traitsIJ9FileEvent10ErrorEvent10PoisonPillEEEEC2ERKS7_+0x1d
C  [libnative-platform-file-events.dylib+0x15b1d]  _ZNSt3__116__variant_detail17__move_assignmentINS0_8__traitsIJ9FileEvent10ErrorEvent10PoisonPillEEELNS0_6_TraitE1EEC2ERKS8_+0x1d
C  [libnative-platform-file-events.dylib+0x15aed]  _ZNSt3__116__variant_detail17__copy_assignmentINS0_8__traitsIJ9FileEvent10ErrorEvent10PoisonPillEEELNS0_6_TraitE1EEC2ERKS8_+0x1d
C  [libnative-platform-file-events.dylib+0x15abd]  _ZNSt3__116__variant_detail6__implIJ9FileEvent10ErrorEvent10PoisonPillEEC2ERKS5_+0x1d
C  [libnative-platform-file-events.dylib+0x15a8d]  _ZNSt3__116__variant_detail6__implIJ9FileEvent10ErrorEvent10PoisonPillEEC1ERKS5_+0x1d
C  [libnative-platform-file-events.dylib+0x15a5d]  _ZNSt3__17variantIJ9FileEvent10ErrorEvent10PoisonPillEEC2ERKS4_+0x1d
C  [libnative-platform-file-events.dylib+0x15a2d]  _ZNSt3__17variantIJ9FileEvent10ErrorEvent10PoisonPillEEC1ERKS4_+0x1d
C  [libnative-platform-file-events.dylib+0x15a01]  _ZNSt3__19allocatorINS_7variantIJ9FileEvent10ErrorEvent10PoisonPillEEEE9constructB7v160006IS5_JRKS5_EEEvPT_DpOT0_+0x21
C  [libnative-platform-file-events.dylib+0x13805]  _ZNSt3__116allocator_traitsINS_9allocatorINS_7variantIJ9FileEvent10ErrorEvent10PoisonPillEEEEEE9constructB7v160006IS6_JRKS6_EvEEvRS7_PT_DpOT0_+0x25
C  [libnative-platform-file-events.dylib+0x133ef]  _ZNSt3__15dequeINS_7variantIJ9FileEvent10ErrorEvent10PoisonPillEEENS_9allocatorIS5_EEE9push_backERKS5_+0x6f
C  [libnative-platform-file-events.dylib+0x1336d]  _ZNSt3__15queueINS_7variantIJ9FileEvent10ErrorEvent10PoisonPillEEENS_5dequeIS5_NS_9allocatorIS5_EEEEE4pushB7v160006ERKS5_+0x1d
C  [libnative-platform-file-events.dylib+0xd9d2]  _ZN13BlockingQueueINSt3__17variantIJ9FileEvent10ErrorEvent10PoisonPillEEEE7enqueueERKS5_+0x32
C  [libnative-platform-file-events.dylib+0xd809]  _ZN6Server12handleEventsEmPPcPKjPKy+0xb9
C  [libnative-platform-file-events.dylib+0xd441]  _ZL20handleEventsCallbackPK15__FSEventStreamPvmS2_PKjPKy+0x41
C  [FSEvents+0x312e]  implementation_callback_rpc+0xbaf
C  [FSEvents+0x250a]  _Xcallback_rpc+0xe7
C  [FSEvents+0x2406]  FSEventsD2F_server+0x37
C  [FSEvents+0x239d]  receive_and_dispatch_rcv_msg+0xa6
C  [libdispatch.dylib+0x363d]  _dispatch_client_callout+0x8
C  [libdispatch.dylib+0x5de6]  _dispatch_continuation_pop+0x19e
C  [libdispatch.dylib+0x14f42]  _dispatch_source_invoke+0x808
C  [libdispatch.dylib+0x9792]  _dispatch_lane_serial_drain+0x10c
C  [libdispatch.dylib+0xa396]  _dispatch_lane_invoke+0x181
C  [libdispatch.dylib+0x126ed]  _dispatch_workloop_worker_thread+0x256
C  [libsystem_pthread.dylib+0x2611]  _pthread_wqthread+0x1a5
C  [libsystem_pthread.dylib+0x23fd]  start_wqthread+0xd


siginfo: si_signo: 11 (SIGSEGV), si_code: 0 (unknown), si_addr: 0x0000000000000000

Registers:
RAX=0x00000001216dc000, RBX=0x00007ff29acbafe0, RCX=0x0000000000000000, RDX=0x0000700005bf0620
RSP=0x0000700005bf0298, RBP=0x0000700005bf02f0, RSI=0x00007ff29503d200, RDI=0x0000700005bf0308
R8 =0x0000000000000000, R9 =0xffffffff00000000, R10=0x00007ff2944ee4f8, R11=0x00007ff18f4a55e0
R12=0x0000000000000000, R13=0x0000000000000000, R14=0x0000000000000003, R15=0x0000000000000000
RIP=0x00000001216dc000, EFLAGS=0x0000000000010206, ERR=0x0000000000000000
  TRAPNO=0x000000000000000d

Top of Stack: (sp=0x0000700005bf0298)
0x0000700005bf0298:   00000001216f1d8c 0000700005bf0308
0x0000700005bf02a8:   00007ff29503d200 00000001216dc000
0x0000700005bf02b8:   00000001216dc000 00000001216dc000
0x0000700005bf02c8:   00000001216dc000 0000700005bf0620
0x0000700005bf02d8:   00007ff29503d200 0000700005bf0308
0x0000700005bf02e8:   0000000000000000 0000700005bf0320
0x0000700005bf02f8:   00000001216f1c27 0000700005bf0320
0x0000700005bf0308:   00000001216f1bd5 0000700005bf0620
0x0000700005bf0318:   00007ff29503d200 0000700005bf0360
0x0000700005bf0328:   00000001216f1b8a 00007ff29503d200
0x0000700005bf0338:   00000001216f1849 0000000000000000
0x0000700005bf0348:   0000700005bf0420 0000700005bf0620
0x0000700005bf0358:   00007ff29503d200 0000700005bf0380
0x0000700005bf0368:   00000001216f1b4d 0000700005bf0620
0x0000700005bf0378:   00007ff29503d200 0000700005bf03a0
0x0000700005bf0388:   00000001216f1b1d 0000700005bf0620
0x0000700005bf0398:   00007ff29503d200 0000700005bf03c0
0x0000700005bf03a8:   00000001216f1aed 0000700005bf0620
0x0000700005bf03b8:   00007ff29503d200 0000700005bf03e0
0x0000700005bf03c8:   00000001216f1abd 0000700005bf0620
0x0000700005bf03d8:   00007ff29503d200 0000700005bf0400
0x0000700005bf03e8:   00000001216f1a8d 0000700005bf0620
0x0000700005bf03f8:   00007ff29503d200 0000700005bf0420
0x0000700005bf0408:   00000001216f1a5d 0000700005bf0620
0x0000700005bf0418:   00007ff29503d200 0000700005bf0440
0x0000700005bf0428:   00000001216f1a2d 0000700005bf0620
0x0000700005bf0438:   00007ff29503d200 0000700005bf0470
0x0000700005bf0448:   00000001216f1a01 00007ff29503d200
0x0000700005bf0458:   0000700005bf0620 00007ff29503d200
0x0000700005bf0468:   00007ff2944ee578 0000700005bf04a0
0x0000700005bf0478:   00000001216ef805 0000000000000000
0x0000700005bf0488:   0000700005bf0620 00007ff29503d200 

Instructions: (pc=0x00000001216dc000)
0x00000001216dbf00:   ?? ?? ?? ?? ?? ?? ?? ?? ?? ?? ?? ?? ?? ?? ?? ??
0x00000001216dbf10:   ?? ?? ?? ?? ?? ?? ?? ?? ?? ?? ?? ?? ?? ?? ?? ??
0x00000001216dbf20:   ?? ?? ?? ?? ?? ?? ?? ?? ?? ?? ?? ?? ?? ?? ?? ??
0x00000001216dbf30:   ?? ?? ?? ?? ?? ?? ?? ?? ?? ?? ?? ?? ?? ?? ?? ??
0x00000001216dbf40:   ?? ?? ?? ?? ?? ?? ?? ?? ?? ?? ?? ?? ?? ?? ?? ??
0x00000001216dbf50:   ?? ?? ?? ?? ?? ?? ?? ?? ?? ?? ?? ?? ?? ?? ?? ??
0x00000001216dbf60:   ?? ?? ?? ?? ?? ?? ?? ?? ?? ?? ?? ?? ?? ?? ?? ??
0x00000001216dbf70:   ?? ?? ?? ?? ?? ?? ?? ?? ?? ?? ?? ?? ?? ?? ?? ??
0x00000001216dbf80:   ?? ?? ?? ?? ?? ?? ?? ?? ?? ?? ?? ?? ?? ?? ?? ??
0x00000001216dbf90:   ?? ?? ?? ?? ?? ?? ?? ?? ?? ?? ?? ?? ?? ?? ?? ??
0x00000001216dbfa0:   ?? ?? ?? ?? ?? ?? ?? ?? ?? ?? ?? ?? ?? ?? ?? ??
0x00000001216dbfb0:   ?? ?? ?? ?? ?? ?? ?? ?? ?? ?? ?? ?? ?? ?? ?? ??
0x00000001216dbfc0:   ?? ?? ?? ?? ?? ?? ?? ?? ?? ?? ?? ?? ?? ?? ?? ??
0x00000001216dbfd0:   ?? ?? ?? ?? ?? ?? ?? ?? ?? ?? ?? ?? ?? ?? ?? ??
0x00000001216dbfe0:   ?? ?? ?? ?? ?? ?? ?? ?? ?? ?? ?? ?? ?? ?? ?? ??
0x00000001216dbff0:   ?? ?? ?? ?? ?? ?? ?? ?? ?? ?? ?? ?? ?? ?? ?? ??
0x00000001216dc000:   cf fa ed fe 07 00 00 01 03 00 00 00 06 00 00 00
0x00000001216dc010:   10 00 00 00 00 07 00 00 85 80 11 00 00 00 00 00
0x00000001216dc020:   19 00 00 00 78 02 00 00 5f 5f 54 45 58 54 00 00
0x00000001216dc030:   00 00 00 00 00 00 00 00 00 00 00 00 00 00 00 00
0x00000001216dc040:   00 c0 01 00 00 00 00 00 00 00 00 00 00 00 00 00
0x00000001216dc050:   00 c0 01 00 00 00 00 00 05 00 00 00 05 00 00 00
0x00000001216dc060:   07 00 00 00 00 00 00 00 5f 5f 74 65 78 74 00 00
0x00000001216dc070:   00 00 00 00 00 00 00 00 5f 5f 54 45 58 54 00 00
0x00000001216dc080:   00 00 00 00 00 00 00 00 80 19 00 00 00 00 00 00
0x00000001216dc090:   dc 7d 01 00 00 00 00 00 80 19 00 00 04 00 00 00
0x00000001216dc0a0:   00 00 00 00 00 00 00 00 00 04 00 80 00 00 00 00
0x00000001216dc0b0:   00 00 00 00 00 00 00 00 5f 5f 73 74 75 62 73 00
0x00000001216dc0c0:   00 00 00 00 00 00 00 00 5f 5f 54 45 58 54 00 00
0x00000001216dc0d0:   00 00 00 00 00 00 00 00 5c 97 01 00 00 00 00 00
0x00000001216dc0e0:   ec 04 00 00 00 00 00 00 5c 97 01 00 00 00 00 00
0x00000001216dc0f0:   00 00 00 00 00 00 00 00 08 04 00 80 00 00 00 00 



---------------  P R O C E S S  ---------------

VM state: not at safepoint (normal execution)

VM Mutex/Monitor currently owned by a thread: None

Heap address: 0x00000007e0000000, size: 512 MB, Compressed Oops mode: Zero based, Oop shift amount: 3

CDS archive(s) mapped at: [0x0000000800000000-0x0000000800c05000-0x0000000800c05000), size 12603392, SharedBaseAddress: 0x0000000800000000, ArchiveRelocationMode: 0.
Compressed class space mapped at: 0x0000000801000000-0x0000000814400000, reserved size: 322961408
Narrow klass base: 0x0000000800000000, Narrow klass shift: 0, Narrow klass range: 0x100000000

GC Precious Log:
<Skipped>

Heap:
 garbage-first heap   total 262144K, used 163734K [0x00000007e0000000, 0x0000000800000000)
  region size 1024K, 31 young (31744K), 7 survivors (7168K)
 Metaspace       used 82436K, committed 83200K, reserved 389120K
  class space    used 11233K, committed 11648K, reserved 315392K

Heap Regions: E=young(eden), S=young(survivor), O=old, HS=humongous(starts), HC=humongous(continues), CS=collection set, F=free, OA=open archive, CA=closed archive, TAMS=top-at-mark-start (previous, next)
|   0|0x00000007e0000000, 0x00000007e0100000, 0x00000007e0100000|100%|HS|  |TAMS 0x00000007e0100000, 0x00000007e0000000| Complete 
|   1|0x00000007e0100000, 0x00000007e0200000, 0x00000007e0200000|100%|HC|  |TAMS 0x00000007e0200000, 0x00000007e0100000| Complete 
|   2|0x00000007e0200000, 0x00000007e0300000, 0x00000007e0300000|100%|HC|  |TAMS 0x00000007e0300000, 0x00000007e0200000| Complete 
|   3|0x00000007e0300000, 0x00000007e0400000, 0x00000007e0400000|100%|HC|  |TAMS 0x00000007e0400000, 0x00000007e0300000| Complete 
|   4|0x00000007e0400000, 0x00000007e0500000, 0x00000007e0500000|100%| O|  |TAMS 0x00000007e0500000, 0x00000007e0400000| Untracked 
|   5|0x00000007e0500000, 0x00000007e0600000, 0x00000007e0600000|100%| O|  |TAMS 0x00000007e0600000, 0x00000007e0500000| Untracked 
|   6|0x00000007e0600000, 0x00000007e0700000, 0x00000007e0700000|100%| O|  |TAMS 0x00000007e0700000, 0x00000007e0600000| Untracked 
|   7|0x00000007e0700000, 0x00000007e0800000, 0x00000007e0800000|100%| O|  |TAMS 0x00000007e0800000, 0x00000007e0700000| Untracked 
|   8|0x00000007e0800000, 0x00000007e0900000, 0x00000007e0900000|100%|HS|  |TAMS 0x00000007e0900000, 0x00000007e0800000| Complete 
|   9|0x00000007e0900000, 0x00000007e0a00000, 0x00000007e0a00000|100%| O|  |TAMS 0x00000007e0a00000, 0x00000007e0900000| Untracked 
|  10|0x00000007e0a00000, 0x00000007e0b00000, 0x00000007e0b00000|100%| O|  |TAMS 0x00000007e0b00000, 0x00000007e0a00000| Untracked 
|  11|0x00000007e0b00000, 0x00000007e0c00000, 0x00000007e0c00000|100%| O|  |TAMS 0x00000007e0c00000, 0x00000007e0b00000| Untracked 
|  12|0x00000007e0c00000, 0x00000007e0d00000, 0x00000007e0d00000|100%|HS|  |TAMS 0x00000007e0d00000, 0x00000007e0c00000| Complete 
|  13|0x00000007e0d00000, 0x00000007e0e00000, 0x00000007e0e00000|100%|HS|  |TAMS 0x00000007e0e00000, 0x00000007e0d00000| Complete 
|  14|0x00000007e0e00000, 0x00000007e0f00000, 0x00000007e0f00000|100%|HC|  |TAMS 0x00000007e0f00000, 0x00000007e0e00000| Complete 
|  15|0x00000007e0f00000, 0x00000007e1000000, 0x00000007e1000000|100%|HS|  |TAMS 0x00000007e1000000, 0x00000007e0f00000| Complete 
|  16|0x00000007e1000000, 0x00000007e1100000, 0x00000007e1100000|100%|HC|  |TAMS 0x00000007e1100000, 0x00000007e1000000| Complete 
|  17|0x00000007e1100000, 0x00000007e1200000, 0x00000007e1200000|100%|HC|  |TAMS 0x00000007e1200000, 0x00000007e1100000| Complete 
|  18|0x00000007e1200000, 0x00000007e1300000, 0x00000007e1300000|100%|HS|  |TAMS 0x00000007e1300000, 0x00000007e1200000| Complete 
|  19|0x00000007e1300000, 0x00000007e1400000, 0x00000007e1400000|100%|HC|  |TAMS 0x00000007e1400000, 0x00000007e1300000| Complete 
|  20|0x00000007e1400000, 0x00000007e1500000, 0x00000007e1500000|100%|HC|  |TAMS 0x00000007e1500000, 0x00000007e1400000| Complete 
|  21|0x00000007e1500000, 0x00000007e1600000, 0x00000007e1600000|100%|HS|  |TAMS 0x00000007e1600000, 0x00000007e1500000| Complete 
|  22|0x00000007e1600000, 0x00000007e1700000, 0x00000007e1700000|100%|HC|  |TAMS 0x00000007e1700000, 0x00000007e1600000| Complete 
|  23|0x00000007e1700000, 0x00000007e1800000, 0x00000007e1800000|100%|HC|  |TAMS 0x00000007e1800000, 0x00000007e1700000| Complete 
|  24|0x00000007e1800000, 0x00000007e1900000, 0x00000007e1900000|100%| O|  |TAMS 0x00000007e1900000, 0x00000007e1800000| Untracked 
|  25|0x00000007e1900000, 0x00000007e1a00000, 0x00000007e1a00000|100%| O|  |TAMS 0x00000007e1a00000, 0x00000007e1900000| Untracked 
|  26|0x00000007e1a00000, 0x00000007e1b00000, 0x00000007e1b00000|100%| O|  |TAMS 0x00000007e1b00000, 0x00000007e1a00000| Untracked 
|  27|0x00000007e1b00000, 0x00000007e1c00000, 0x00000007e1c00000|100%| O|  |TAMS 0x00000007e1c00000, 0x00000007e1b00000| Untracked 
|  28|0x00000007e1c00000, 0x00000007e1d00000, 0x00000007e1d00000|100%| O|  |TAMS 0x00000007e1d00000, 0x00000007e1c00000| Untracked 
|  29|0x00000007e1d00000, 0x00000007e1e00000, 0x00000007e1e00000|100%| O|  |TAMS 0x00000007e1e00000, 0x00000007e1d00000| Untracked 
|  30|0x00000007e1e00000, 0x00000007e1f00000, 0x00000007e1f00000|100%| O|  |TAMS 0x00000007e1f00000, 0x00000007e1e00000| Untracked 
|  31|0x00000007e1f00000, 0x00000007e2000000, 0x00000007e2000000|100%| O|  |TAMS 0x00000007e2000000, 0x00000007e1f00000| Untracked 
|  32|0x00000007e2000000, 0x00000007e2100000, 0x00000007e2100000|100%| O|  |TAMS 0x00000007e2100000, 0x00000007e2000000| Untracked 
|  33|0x00000007e2100000, 0x00000007e2200000, 0x00000007e2200000|100%| O|  |TAMS 0x00000007e2200000, 0x00000007e2100000| Untracked 
|  34|0x00000007e2200000, 0x00000007e2300000, 0x00000007e2300000|100%| O|  |TAMS 0x00000007e2300000, 0x00000007e2200000| Untracked 
|  35|0x00000007e2300000, 0x00000007e2400000, 0x00000007e2400000|100%| O|  |TAMS 0x00000007e2400000, 0x00000007e2300000| Untracked 
|  36|0x00000007e2400000, 0x00000007e2500000, 0x00000007e2500000|100%| O|  |TAMS 0x00000007e2500000, 0x00000007e2400000| Untracked 
|  37|0x00000007e2500000, 0x00000007e2600000, 0x00000007e2600000|100%| O|  |TAMS 0x00000007e2600000, 0x00000007e2500000| Untracked 
|  38|0x00000007e2600000, 0x00000007e2700000, 0x00000007e2700000|100%| O|  |TAMS 0x00000007e2700000, 0x00000007e2600000| Untracked 
|  39|0x00000007e2700000, 0x00000007e2800000, 0x00000007e2800000|100%| O|  |TAMS 0x00000007e2800000, 0x00000007e2700000| Untracked 
|  40|0x00000007e2800000, 0x00000007e2900000, 0x00000007e2900000|100%| O|  |TAMS 0x00000007e2900000, 0x00000007e2800000| Untracked 
|  41|0x00000007e2900000, 0x00000007e2a00000, 0x00000007e2a00000|100%| O|  |TAMS 0x00000007e2a00000, 0x00000007e2900000| Untracked 
|  42|0x00000007e2a00000, 0x00000007e2b00000, 0x00000007e2b00000|100%| O|  |TAMS 0x00000007e2b00000, 0x00000007e2a00000| Untracked 
|  43|0x00000007e2b00000, 0x00000007e2c00000, 0x00000007e2c00000|100%| O|  |TAMS 0x00000007e2c00000, 0x00000007e2b00000| Untracked 
|  44|0x00000007e2c00000, 0x00000007e2d00000, 0x00000007e2d00000|100%|HS|  |TAMS 0x00000007e2d00000, 0x00000007e2c00000| Complete 
|  45|0x00000007e2d00000, 0x00000007e2e00000, 0x00000007e2e00000|100%|HC|  |TAMS 0x00000007e2e00000, 0x00000007e2d00000| Complete 
|  46|0x00000007e2e00000, 0x00000007e2f00000, 0x00000007e2f00000|100%|HC|  |TAMS 0x00000007e2f00000, 0x00000007e2e00000| Complete 
|  47|0x00000007e2f00000, 0x00000007e3000000, 0x00000007e3000000|100%|HS|  |TAMS 0x00000007e3000000, 0x00000007e2f00000| Complete 
|  48|0x00000007e3000000, 0x00000007e3100000, 0x00000007e3100000|100%|HC|  |TAMS 0x00000007e3100000, 0x00000007e3000000| Complete 
|  49|0x00000007e3100000, 0x00000007e3200000, 0x00000007e3200000|100%|HC|  |TAMS 0x00000007e3200000, 0x00000007e3100000| Complete 
|  50|0x00000007e3200000, 0x00000007e3300000, 0x00000007e3300000|100%|HS|  |TAMS 0x00000007e3300000, 0x00000007e3200000| Complete 
|  51|0x00000007e3300000, 0x00000007e3400000, 0x00000007e3400000|100%|HC|  |TAMS 0x00000007e3400000, 0x00000007e3300000| Complete 
|  52|0x00000007e3400000, 0x00000007e3500000, 0x00000007e3500000|100%|HC|  |TAMS 0x00000007e3500000, 0x00000007e3400000| Complete 
|  53|0x00000007e3500000, 0x00000007e3600000, 0x00000007e3600000|100%|HS|  |TAMS 0x00000007e3600000, 0x00000007e3500000| Complete 
|  54|0x00000007e3600000, 0x00000007e3700000, 0x00000007e3700000|100%|HC|  |TAMS 0x00000007e3700000, 0x00000007e3600000| Complete 
|  55|0x00000007e3700000, 0x00000007e3800000, 0x00000007e3800000|100%|HS|  |TAMS 0x00000007e3800000, 0x00000007e3700000| Complete 
|  56|0x00000007e3800000, 0x00000007e3900000, 0x00000007e3900000|100%|HC|  |TAMS 0x00000007e3900000, 0x00000007e3800000| Complete 
|  57|0x00000007e3900000, 0x00000007e3a00000, 0x00000007e3a00000|100%|HC|  |TAMS 0x00000007e3a00000, 0x00000007e3900000| Complete 
|  58|0x00000007e3a00000, 0x00000007e3b00000, 0x00000007e3b00000|100%|HC|  |TAMS 0x00000007e3b00000, 0x00000007e3a00000| Complete 
|  59|0x00000007e3b00000, 0x00000007e3c00000, 0x00000007e3c00000|100%|HC|  |TAMS 0x00000007e3c00000, 0x00000007e3b00000| Complete 
|  60|0x00000007e3c00000, 0x00000007e3d00000, 0x00000007e3d00000|100%|HC|  |TAMS 0x00000007e3d00000, 0x00000007e3c00000| Complete 
|  61|0x00000007e3d00000, 0x00000007e3e00000, 0x00000007e3e00000|100%|HS|  |TAMS 0x00000007e3e00000, 0x00000007e3d00000| Complete 
|  62|0x00000007e3e00000, 0x00000007e3f00000, 0x00000007e3f00000|100%|HC|  |TAMS 0x00000007e3f00000, 0x00000007e3e00000| Complete 
|  63|0x00000007e3f00000, 0x00000007e4000000, 0x00000007e4000000|100%|HS|  |TAMS 0x00000007e4000000, 0x00000007e3f00000| Complete 
|  64|0x00000007e4000000, 0x00000007e4100000, 0x00000007e4100000|100%|HC|  |TAMS 0x00000007e4100000, 0x00000007e4000000| Complete 
|  65|0x00000007e4100000, 0x00000007e4200000, 0x00000007e4200000|100%|HC|  |TAMS 0x00000007e4200000, 0x00000007e4100000| Complete 
|  66|0x00000007e4200000, 0x00000007e4300000, 0x00000007e4300000|100%|HS|  |TAMS 0x00000007e4300000, 0x00000007e4200000| Complete 
|  67|0x00000007e4300000, 0x00000007e4400000, 0x00000007e4400000|100%|HC|  |TAMS 0x00000007e4400000, 0x00000007e4300000| Complete 
|  68|0x00000007e4400000, 0x00000007e4500000, 0x00000007e4500000|100%|HC|  |TAMS 0x00000007e4500000, 0x00000007e4400000| Complete 
|  69|0x00000007e4500000, 0x00000007e4600000, 0x00000007e4600000|100%|HS|  |TAMS 0x00000007e4600000, 0x00000007e4500000| Complete 
|  70|0x00000007e4600000, 0x00000007e4700000, 0x00000007e4700000|100%|HC|  |TAMS 0x00000007e4700000, 0x00000007e4600000| Complete 
|  71|0x00000007e4700000, 0x00000007e4800000, 0x00000007e4800000|100%|HC|  |TAMS 0x00000007e4800000, 0x00000007e4700000| Complete 
|  72|0x00000007e4800000, 0x00000007e4900000, 0x00000007e4900000|100%|HS|  |TAMS 0x00000007e4900000, 0x00000007e4800000| Complete 
|  73|0x00000007e4900000, 0x00000007e4a00000, 0x00000007e4a00000|100%|HC|  |TAMS 0x00000007e4a00000, 0x00000007e4900000| Complete 
|  74|0x00000007e4a00000, 0x00000007e4b00000, 0x00000007e4b00000|100%|HS|  |TAMS 0x00000007e4b00000, 0x00000007e4a00000| Complete 
|  75|0x00000007e4b00000, 0x00000007e4c00000, 0x00000007e4c00000|100%|HC|  |TAMS 0x00000007e4c00000, 0x00000007e4b00000| Complete 
|  76|0x00000007e4c00000, 0x00000007e4d00000, 0x00000007e4d00000|100%|HC|  |TAMS 0x00000007e4d00000, 0x00000007e4c00000| Complete 
|  77|0x00000007e4d00000, 0x00000007e4e00000, 0x00000007e4e00000|100%|HC|  |TAMS 0x00000007e4e00000, 0x00000007e4d00000| Complete 
|  78|0x00000007e4e00000, 0x00000007e4f00000, 0x00000007e4f00000|100%|HC|  |TAMS 0x00000007e4f00000, 0x00000007e4e00000| Complete 
|  79|0x00000007e4f00000, 0x00000007e5000000, 0x00000007e5000000|100%|HC|  |TAMS 0x00000007e5000000, 0x00000007e4f00000| Complete 
|  80|0x00000007e5000000, 0x00000007e5100000, 0x00000007e5100000|100%|HS|  |TAMS 0x00000007e5100000, 0x00000007e5000000| Complete 
|  81|0x00000007e5100000, 0x00000007e5200000, 0x00000007e5200000|100%| O|  |TAMS 0x00000007e5200000, 0x00000007e5100000| Untracked 
|  82|0x00000007e5200000, 0x00000007e5300000, 0x00000007e5300000|100%| O|  |TAMS 0x00000007e5300000, 0x00000007e5200000| Untracked 
|  83|0x00000007e5300000, 0x00000007e5400000, 0x00000007e5400000|100%| O|  |TAMS 0x00000007e5400000, 0x00000007e5300000| Untracked 
|  84|0x00000007e5400000, 0x00000007e5500000, 0x00000007e5500000|100%| O|  |TAMS 0x00000007e5500000, 0x00000007e5400000| Complete 
|  85|0x00000007e5500000, 0x00000007e5600000, 0x00000007e5600000|100%| O|  |TAMS 0x00000007e5600000, 0x00000007e5500000| Untracked 
|  86|0x00000007e5600000, 0x00000007e5700000, 0x00000007e5700000|100%| O|  |TAMS 0x00000007e5700000, 0x00000007e5600000| Untracked 
|  87|0x00000007e5700000, 0x00000007e5800000, 0x00000007e5800000|100%| O|  |TAMS 0x00000007e5800000, 0x00000007e5700000| Untracked 
|  88|0x00000007e5800000, 0x00000007e5900000, 0x00000007e5900000|100%| O|  |TAMS 0x00000007e5900000, 0x00000007e5800000| Untracked 
|  89|0x00000007e5900000, 0x00000007e5a00000, 0x00000007e5a00000|100%| O|  |TAMS 0x00000007e5a00000, 0x00000007e5900000| Untracked 
|  90|0x00000007e5a00000, 0x00000007e5b00000, 0x00000007e5b00000|100%| O|  |TAMS 0x00000007e5b00000, 0x00000007e5a00000| Untracked 
|  91|0x00000007e5b00000, 0x00000007e5c00000, 0x00000007e5c00000|100%| O|  |TAMS 0x00000007e5c00000, 0x00000007e5b00000| Untracked 
|  92|0x00000007e5c00000, 0x00000007e5d00000, 0x00000007e5d00000|100%| O|  |TAMS 0x00000007e5d00000, 0x00000007e5c00000| Untracked 
|  93|0x00000007e5d00000, 0x00000007e5e00000, 0x00000007e5e00000|100%| O|  |TAMS 0x00000007e5e00000, 0x00000007e5d00000| Untracked 
|  94|0x00000007e5e00000, 0x00000007e5f00000, 0x00000007e5f00000|100%| O|  |TAMS 0x00000007e5f00000, 0x00000007e5e00000| Untracked 
|  95|0x00000007e5f00000, 0x00000007e6000000, 0x00000007e6000000|100%| O|  |TAMS 0x00000007e6000000, 0x00000007e5f00000| Untracked 
|  96|0x00000007e6000000, 0x00000007e6100000, 0x00000007e6100000|100%| O|  |TAMS 0x00000007e6100000, 0x00000007e6000000| Untracked 
|  97|0x00000007e6100000, 0x00000007e6200000, 0x00000007e6200000|100%| O|  |TAMS 0x00000007e6200000, 0x00000007e6100000| Untracked 
|  98|0x00000007e6200000, 0x00000007e6300000, 0x00000007e6300000|100%| O|  |TAMS 0x00000007e6300000, 0x00000007e6200000| Untracked 
|  99|0x00000007e6300000, 0x00000007e6400000, 0x00000007e6400000|100%| O|  |TAMS 0x00000007e6400000, 0x00000007e6300000| Untracked 
| 100|0x00000007e6400000, 0x00000007e6500000, 0x00000007e6500000|100%| O|  |TAMS 0x00000007e6500000, 0x00000007e6400000| Untracked 
| 101|0x00000007e6500000, 0x00000007e6500000, 0x00000007e6600000|  0%| F|  |TAMS 0x00000007e6500000, 0x00000007e6500000| Untracked 
| 102|0x00000007e6600000, 0x00000007e6700000, 0x00000007e6700000|100%| O|  |TAMS 0x00000007e6700000, 0x00000007e6600000| Untracked 
| 103|0x00000007e6700000, 0x00000007e6800000, 0x00000007e6800000|100%| O|  |TAMS 0x00000007e6800000, 0x00000007e6700000| Untracked 
| 104|0x00000007e6800000, 0x00000007e6900000, 0x00000007e6900000|100%| O|  |TAMS 0x00000007e6900000, 0x00000007e6800000| Untracked 
| 105|0x00000007e6900000, 0x00000007e6a00000, 0x00000007e6a00000|100%| O|  |TAMS 0x00000007e6a00000, 0x00000007e6900000| Untracked 
| 106|0x00000007e6a00000, 0x00000007e6b00000, 0x00000007e6b00000|100%| O|  |TAMS 0x00000007e6b00000, 0x00000007e6a00000| Untracked 
| 107|0x00000007e6b00000, 0x00000007e6b00000, 0x00000007e6c00000|  0%| F|  |TAMS 0x00000007e6b00000, 0x00000007e6b00000| Untracked 
| 108|0x00000007e6c00000, 0x00000007e6d00000, 0x00000007e6d00000|100%| O|  |TAMS 0x00000007e6d00000, 0x00000007e6c00000| Complete 
| 109|0x00000007e6d00000, 0x00000007e6e00000, 0x00000007e6e00000|100%| O|  |TAMS 0x00000007e6e00000, 0x00000007e6d00000| Complete 
| 110|0x00000007e6e00000, 0x00000007e6f00000, 0x00000007e6f00000|100%| O|  |TAMS 0x00000007e6f00000, 0x00000007e6e00000| Complete 
| 111|0x00000007e6f00000, 0x00000007e7000000, 0x00000007e7000000|100%| O|  |TAMS 0x00000007e7000000, 0x00000007e6f00000| Complete 
| 112|0x00000007e7000000, 0x00000007e7100000, 0x00000007e7100000|100%| O|  |TAMS 0x00000007e7100000, 0x00000007e7000000| Complete 
| 113|0x00000007e7100000, 0x00000007e7200000, 0x00000007e7200000|100%| O|  |TAMS 0x00000007e7200000, 0x00000007e7100000| Complete 
| 114|0x00000007e7200000, 0x00000007e7300000, 0x00000007e7300000|100%| O|  |TAMS 0x00000007e7300000, 0x00000007e7200000| Untracked 
| 115|0x00000007e7300000, 0x00000007e7400000, 0x00000007e7400000|100%| O|  |TAMS 0x00000007e7400000, 0x00000007e7300000| Complete 
| 116|0x00000007e7400000, 0x00000007e7500000, 0x00000007e7500000|100%| O|  |TAMS 0x00000007e7500000, 0x00000007e7400000| Complete 
| 117|0x00000007e7500000, 0x00000007e7500000, 0x00000007e7600000|  0%| F|  |TAMS 0x00000007e7500000, 0x00000007e7500000| Untracked 
| 118|0x00000007e7600000, 0x00000007e7600000, 0x00000007e7700000|  0%| F|  |TAMS 0x00000007e7600000, 0x00000007e7600000| Untracked 
| 119|0x00000007e7700000, 0x00000007e7700000, 0x00000007e7800000|  0%| F|  |TAMS 0x00000007e7700000, 0x00000007e7700000| Untracked 
| 120|0x00000007e7800000, 0x00000007e7900000, 0x00000007e7900000|100%| O|  |TAMS 0x00000007e7900000, 0x00000007e7800000| Untracked 
| 121|0x00000007e7900000, 0x00000007e7a00000, 0x00000007e7a00000|100%| O|  |TAMS 0x00000007e7a00000, 0x00000007e7900000| Complete 
| 122|0x00000007e7a00000, 0x00000007e7b00000, 0x00000007e7b00000|100%| O|  |TAMS 0x00000007e7b00000, 0x00000007e7a00000| Complete 
| 123|0x00000007e7b00000, 0x00000007e7c00000, 0x00000007e7c00000|100%| O|  |TAMS 0x00000007e7c00000, 0x00000007e7b00000| Untracked 
| 124|0x00000007e7c00000, 0x00000007e7d00000, 0x00000007e7d00000|100%| O|  |TAMS 0x00000007e7d00000, 0x00000007e7c00000| Complete 
| 125|0x00000007e7d00000, 0x00000007e7e00000, 0x00000007e7e00000|100%| O|  |TAMS 0x00000007e7e00000, 0x00000007e7d00000| Untracked 
| 126|0x00000007e7e00000, 0x00000007e7f00000, 0x00000007e7f00000|100%| O|  |TAMS 0x00000007e7f00000, 0x00000007e7e00000| Untracked 
| 127|0x00000007e7f00000, 0x00000007e8000000, 0x00000007e8000000|100%| O|  |TAMS 0x00000007e8000000, 0x00000007e7f00000| Untracked 
| 128|0x00000007e8000000, 0x00000007e8100000, 0x00000007e8100000|100%| O|  |TAMS 0x00000007e8100000, 0x00000007e8000000| Untracked 
| 129|0x00000007e8100000, 0x00000007e8200000, 0x00000007e8200000|100%| O|  |TAMS 0x00000007e8200000, 0x00000007e8100000| Untracked 
| 130|0x00000007e8200000, 0x00000007e8300000, 0x00000007e8300000|100%| O|  |TAMS 0x00000007e8300000, 0x00000007e8200000| Untracked 
| 131|0x00000007e8300000, 0x00000007e8400000, 0x00000007e8400000|100%| O|  |TAMS 0x00000007e8400000, 0x00000007e8300000| Untracked 
| 132|0x00000007e8400000, 0x00000007e8500000, 0x00000007e8500000|100%| O|  |TAMS 0x00000007e8500000, 0x00000007e8400000| Untracked 
| 133|0x00000007e8500000, 0x00000007e859aa00, 0x00000007e8600000| 60%| O|  |TAMS 0x00000007e859aa00, 0x00000007e8500000| Untracked 
| 134|0x00000007e8600000, 0x00000007e8600000, 0x00000007e8700000|  0%| F|  |TAMS 0x00000007e8600000, 0x00000007e8600000| Untracked 
| 135|0x00000007e8700000, 0x00000007e8700000, 0x00000007e8800000|  0%| F|  |TAMS 0x00000007e8700000, 0x00000007e8700000| Untracked 
| 136|0x00000007e8800000, 0x00000007e8800000, 0x00000007e8900000|  0%| F|  |TAMS 0x00000007e8800000, 0x00000007e8800000| Untracked 
| 137|0x00000007e8900000, 0x00000007e8900000, 0x00000007e8a00000|  0%| F|  |TAMS 0x00000007e8900000, 0x00000007e8900000| Untracked 
| 138|0x00000007e8a00000, 0x00000007e8a00000, 0x00000007e8b00000|  0%| F|  |TAMS 0x00000007e8a00000, 0x00000007e8a00000| Untracked 
| 139|0x00000007e8b00000, 0x00000007e8b00000, 0x00000007e8c00000|  0%| F|  |TAMS 0x00000007e8b00000, 0x00000007e8b00000| Untracked 
| 140|0x00000007e8c00000, 0x00000007e8c00000, 0x00000007e8d00000|  0%| F|  |TAMS 0x00000007e8c00000, 0x00000007e8c00000| Untracked 
| 141|0x00000007e8d00000, 0x00000007e8d00000, 0x00000007e8e00000|  0%| F|  |TAMS 0x00000007e8d00000, 0x00000007e8d00000| Untracked 
| 142|0x00000007e8e00000, 0x00000007e8e00000, 0x00000007e8f00000|  0%| F|  |TAMS 0x00000007e8e00000, 0x00000007e8e00000| Untracked 
| 143|0x00000007e8f00000, 0x00000007e8f00000, 0x00000007e9000000|  0%| F|  |TAMS 0x00000007e8f00000, 0x00000007e8f00000| Untracked 
| 144|0x00000007e9000000, 0x00000007e9000000, 0x00000007e9100000|  0%| F|  |TAMS 0x00000007e9000000, 0x00000007e9000000| Untracked 
| 145|0x00000007e9100000, 0x00000007e9100000, 0x00000007e9200000|  0%| F|  |TAMS 0x00000007e9100000, 0x00000007e9100000| Untracked 
| 146|0x00000007e9200000, 0x00000007e9200000, 0x00000007e9300000|  0%| F|  |TAMS 0x00000007e9200000, 0x00000007e9200000| Untracked 
| 147|0x00000007e9300000, 0x00000007e9300000, 0x00000007e9400000|  0%| F|  |TAMS 0x00000007e9300000, 0x00000007e9300000| Untracked 
| 148|0x00000007e9400000, 0x00000007e9400000, 0x00000007e9500000|  0%| F|  |TAMS 0x00000007e9400000, 0x00000007e9400000| Untracked 
| 149|0x00000007e9500000, 0x00000007e9500000, 0x00000007e9600000|  0%| F|  |TAMS 0x00000007e9500000, 0x00000007e9500000| Untracked 
| 150|0x00000007e9600000, 0x00000007e9600000, 0x00000007e9700000|  0%| F|  |TAMS 0x00000007e9600000, 0x00000007e9600000| Untracked 
| 151|0x00000007e9700000, 0x00000007e9700000, 0x00000007e9800000|  0%| F|  |TAMS 0x00000007e9700000, 0x00000007e9700000| Untracked 
| 152|0x00000007e9800000, 0x00000007e9800000, 0x00000007e9900000|  0%| F|  |TAMS 0x00000007e9800000, 0x00000007e9800000| Untracked 
| 153|0x00000007e9900000, 0x00000007e9900000, 0x00000007e9a00000|  0%| F|  |TAMS 0x00000007e9900000, 0x00000007e9900000| Untracked 
| 154|0x00000007e9a00000, 0x00000007e9a00000, 0x00000007e9b00000|  0%| F|  |TAMS 0x00000007e9a00000, 0x00000007e9a00000| Untracked 
| 155|0x00000007e9b00000, 0x00000007e9b00000, 0x00000007e9c00000|  0%| F|  |TAMS 0x00000007e9b00000, 0x00000007e9b00000| Untracked 
| 156|0x00000007e9c00000, 0x00000007e9c00000, 0x00000007e9d00000|  0%| F|  |TAMS 0x00000007e9c00000, 0x00000007e9c00000| Untracked 
| 157|0x00000007e9d00000, 0x00000007e9d00000, 0x00000007e9e00000|  0%| F|  |TAMS 0x00000007e9d00000, 0x00000007e9d00000| Untracked 
| 158|0x00000007e9e00000, 0x00000007e9e00000, 0x00000007e9f00000|  0%| F|  |TAMS 0x00000007e9e00000, 0x00000007e9e00000| Untracked 
| 159|0x00000007e9f00000, 0x00000007e9f00000, 0x00000007ea000000|  0%| F|  |TAMS 0x00000007e9f00000, 0x00000007e9f00000| Untracked 
| 160|0x00000007ea000000, 0x00000007ea000000, 0x00000007ea100000|  0%| F|  |TAMS 0x00000007ea000000, 0x00000007ea000000| Untracked 
| 161|0x00000007ea100000, 0x00000007ea100000, 0x00000007ea200000|  0%| F|  |TAMS 0x00000007ea100000, 0x00000007ea100000| Untracked 
| 162|0x00000007ea200000, 0x00000007ea200000, 0x00000007ea300000|  0%| F|  |TAMS 0x00000007ea200000, 0x00000007ea200000| Untracked 
| 163|0x00000007ea300000, 0x00000007ea300000, 0x00000007ea400000|  0%| F|  |TAMS 0x00000007ea300000, 0x00000007ea300000| Untracked 
| 164|0x00000007ea400000, 0x00000007ea46a5f8, 0x00000007ea500000| 41%| S|CS|TAMS 0x00000007ea400000, 0x00000007ea400000| Complete 
| 165|0x00000007ea500000, 0x00000007ea600000, 0x00000007ea600000|100%| S|CS|TAMS 0x00000007ea500000, 0x00000007ea500000| Complete 
| 166|0x00000007ea600000, 0x00000007ea700000, 0x00000007ea700000|100%| S|CS|TAMS 0x00000007ea600000, 0x00000007ea600000| Complete 
| 167|0x00000007ea700000, 0x00000007ea800000, 0x00000007ea800000|100%| S|CS|TAMS 0x00000007ea700000, 0x00000007ea700000| Complete 
| 168|0x00000007ea800000, 0x00000007ea900000, 0x00000007ea900000|100%| S|CS|TAMS 0x00000007ea800000, 0x00000007ea800000| Complete 
| 169|0x00000007ea900000, 0x00000007eaa00000, 0x00000007eaa00000|100%| S|CS|TAMS 0x00000007ea900000, 0x00000007ea900000| Complete 
| 170|0x00000007eaa00000, 0x00000007eab00000, 0x00000007eab00000|100%| S|CS|TAMS 0x00000007eaa00000, 0x00000007eaa00000| Complete 
| 171|0x00000007eab00000, 0x00000007eab00000, 0x00000007eac00000|  0%| F|  |TAMS 0x00000007eab00000, 0x00000007eab00000| Untracked 
| 172|0x00000007eac00000, 0x00000007eac00000, 0x00000007ead00000|  0%| F|  |TAMS 0x00000007eac00000, 0x00000007eac00000| Untracked 
| 173|0x00000007ead00000, 0x00000007ead00000, 0x00000007eae00000|  0%| F|  |TAMS 0x00000007ead00000, 0x00000007ead00000| Untracked 
| 174|0x00000007eae00000, 0x00000007eae00000, 0x00000007eaf00000|  0%| F|  |TAMS 0x00000007eae00000, 0x00000007eae00000| Untracked 
| 175|0x00000007eaf00000, 0x00000007eaf00000, 0x00000007eb000000|  0%| F|  |TAMS 0x00000007eaf00000, 0x00000007eaf00000| Untracked 
| 176|0x00000007eb000000, 0x00000007eb000000, 0x00000007eb100000|  0%| F|  |TAMS 0x00000007eb000000, 0x00000007eb000000| Untracked 
| 177|0x00000007eb100000, 0x00000007eb100000, 0x00000007eb200000|  0%| F|  |TAMS 0x00000007eb100000, 0x00000007eb100000| Untracked 
| 178|0x00000007eb200000, 0x00000007eb200000, 0x00000007eb300000|  0%| F|  |TAMS 0x00000007eb200000, 0x00000007eb200000| Untracked 
| 179|0x00000007eb300000, 0x00000007eb300000, 0x00000007eb400000|  0%| F|  |TAMS 0x00000007eb300000, 0x00000007eb300000| Untracked 
| 180|0x00000007eb400000, 0x00000007eb400000, 0x00000007eb500000|  0%| F|  |TAMS 0x00000007eb400000, 0x00000007eb400000| Untracked 
| 181|0x00000007eb500000, 0x00000007eb500000, 0x00000007eb600000|  0%| F|  |TAMS 0x00000007eb500000, 0x00000007eb500000| Untracked 
| 182|0x00000007eb600000, 0x00000007eb600000, 0x00000007eb700000|  0%| F|  |TAMS 0x00000007eb600000, 0x00000007eb600000| Untracked 
| 183|0x00000007eb700000, 0x00000007eb700000, 0x00000007eb800000|  0%| F|  |TAMS 0x00000007eb700000, 0x00000007eb700000| Untracked 
| 184|0x00000007eb800000, 0x00000007eb800000, 0x00000007eb900000|  0%| F|  |TAMS 0x00000007eb800000, 0x00000007eb800000| Untracked 
| 185|0x00000007eb900000, 0x00000007eb900000, 0x00000007eba00000|  0%| F|  |TAMS 0x00000007eb900000, 0x00000007eb900000| Untracked 
| 186|0x00000007eba00000, 0x00000007eba00000, 0x00000007ebb00000|  0%| F|  |TAMS 0x00000007eba00000, 0x00000007eba00000| Untracked 
| 187|0x00000007ebb00000, 0x00000007ebb00000, 0x00000007ebc00000|  0%| F|  |TAMS 0x00000007ebb00000, 0x00000007ebb00000| Untracked 
| 188|0x00000007ebc00000, 0x00000007ebc00000, 0x00000007ebd00000|  0%| F|  |TAMS 0x00000007ebc00000, 0x00000007ebc00000| Untracked 
| 189|0x00000007ebd00000, 0x00000007ebd00000, 0x00000007ebe00000|  0%| F|  |TAMS 0x00000007ebd00000, 0x00000007ebd00000| Untracked 
| 190|0x00000007ebe00000, 0x00000007ebe00000, 0x00000007ebf00000|  0%| F|  |TAMS 0x00000007ebe00000, 0x00000007ebe00000| Untracked 
| 191|0x00000007ebf00000, 0x00000007ebf00000, 0x00000007ec000000|  0%| F|  |TAMS 0x00000007ebf00000, 0x00000007ebf00000| Untracked 
| 192|0x00000007ec000000, 0x00000007ec000000, 0x00000007ec100000|  0%| F|  |TAMS 0x00000007ec000000, 0x00000007ec000000| Untracked 
| 193|0x00000007ec100000, 0x00000007ec100000, 0x00000007ec200000|  0%| F|  |TAMS 0x00000007ec100000, 0x00000007ec100000| Untracked 
| 194|0x00000007ec200000, 0x00000007ec200000, 0x00000007ec300000|  0%| F|  |TAMS 0x00000007ec200000, 0x00000007ec200000| Untracked 
| 195|0x00000007ec300000, 0x00000007ec300000, 0x00000007ec400000|  0%| F|  |TAMS 0x00000007ec300000, 0x00000007ec300000| Untracked 
| 196|0x00000007ec400000, 0x00000007ec400000, 0x00000007ec500000|  0%| F|  |TAMS 0x00000007ec400000, 0x00000007ec400000| Untracked 
| 197|0x00000007ec500000, 0x00000007ec500000, 0x00000007ec600000|  0%| F|  |TAMS 0x00000007ec500000, 0x00000007ec500000| Untracked 
| 198|0x00000007ec600000, 0x00000007ec600000, 0x00000007ec700000|  0%| F|  |TAMS 0x00000007ec600000, 0x00000007ec600000| Untracked 
| 199|0x00000007ec700000, 0x00000007ec700000, 0x00000007ec800000|  0%| F|  |TAMS 0x00000007ec700000, 0x00000007ec700000| Untracked 
| 200|0x00000007ec800000, 0x00000007ec800000, 0x00000007ec900000|  0%| F|  |TAMS 0x00000007ec800000, 0x00000007ec800000| Untracked 
| 201|0x00000007ec900000, 0x00000007ec900000, 0x00000007eca00000|  0%| F|  |TAMS 0x00000007ec900000, 0x00000007ec900000| Untracked 
| 202|0x00000007eca00000, 0x00000007eca00000, 0x00000007ecb00000|  0%| F|  |TAMS 0x00000007eca00000, 0x00000007eca00000| Untracked 
| 203|0x00000007ecb00000, 0x00000007ecb00000, 0x00000007ecc00000|  0%| F|  |TAMS 0x00000007ecb00000, 0x00000007ecb00000| Untracked 
| 204|0x00000007ecc00000, 0x00000007ecc00000, 0x00000007ecd00000|  0%| F|  |TAMS 0x00000007ecc00000, 0x00000007ecc00000| Untracked 
| 205|0x00000007ecd00000, 0x00000007ecd00000, 0x00000007ece00000|  0%| F|  |TAMS 0x00000007ecd00000, 0x00000007ecd00000| Untracked 
| 206|0x00000007ece00000, 0x00000007ece00000, 0x00000007ecf00000|  0%| F|  |TAMS 0x00000007ece00000, 0x00000007ece00000| Untracked 
| 207|0x00000007ecf00000, 0x00000007ecf00000, 0x00000007ed000000|  0%| F|  |TAMS 0x00000007ecf00000, 0x00000007ecf00000| Untracked 
| 208|0x00000007ed000000, 0x00000007ed000000, 0x00000007ed100000|  0%| F|  |TAMS 0x00000007ed000000, 0x00000007ed000000| Untracked 
| 209|0x00000007ed100000, 0x00000007ed100000, 0x00000007ed200000|  0%| F|  |TAMS 0x00000007ed100000, 0x00000007ed100000| Untracked 
| 210|0x00000007ed200000, 0x00000007ed200000, 0x00000007ed300000|  0%| F|  |TAMS 0x00000007ed200000, 0x00000007ed200000| Untracked 
| 211|0x00000007ed300000, 0x00000007ed300000, 0x00000007ed400000|  0%| F|  |TAMS 0x00000007ed300000, 0x00000007ed300000| Untracked 
| 212|0x00000007ed400000, 0x00000007ed400000, 0x00000007ed500000|  0%| F|  |TAMS 0x00000007ed400000, 0x00000007ed400000| Untracked 
| 213|0x00000007ed500000, 0x00000007ed500000, 0x00000007ed600000|  0%| F|  |TAMS 0x00000007ed500000, 0x00000007ed500000| Untracked 
| 214|0x00000007ed600000, 0x00000007ed600000, 0x00000007ed700000|  0%| F|  |TAMS 0x00000007ed600000, 0x00000007ed600000| Untracked 
| 215|0x00000007ed700000, 0x00000007ed700000, 0x00000007ed800000|  0%| F|  |TAMS 0x00000007ed700000, 0x00000007ed700000| Untracked 
| 216|0x00000007ed800000, 0x00000007ed800000, 0x00000007ed900000|  0%| F|  |TAMS 0x00000007ed800000, 0x00000007ed800000| Untracked 
| 217|0x00000007ed900000, 0x00000007ed900000, 0x00000007eda00000|  0%| F|  |TAMS 0x00000007ed900000, 0x00000007ed900000| Untracked 
| 218|0x00000007eda00000, 0x00000007eda00000, 0x00000007edb00000|  0%| F|  |TAMS 0x00000007eda00000, 0x00000007eda00000| Untracked 
| 219|0x00000007edb00000, 0x00000007edb00000, 0x00000007edc00000|  0%| F|  |TAMS 0x00000007edb00000, 0x00000007edb00000| Untracked 
| 220|0x00000007edc00000, 0x00000007edc00000, 0x00000007edd00000|  0%| F|  |TAMS 0x00000007edc00000, 0x00000007edc00000| Untracked 
| 221|0x00000007edd00000, 0x00000007edd00000, 0x00000007ede00000|  0%| F|  |TAMS 0x00000007edd00000, 0x00000007edd00000| Untracked 
| 222|0x00000007ede00000, 0x00000007ede00000, 0x00000007edf00000|  0%| F|  |TAMS 0x00000007ede00000, 0x00000007ede00000| Untracked 
| 223|0x00000007edf00000, 0x00000007edf00000, 0x00000007ee000000|  0%| F|  |TAMS 0x00000007edf00000, 0x00000007edf00000| Untracked 
| 224|0x00000007ee000000, 0x00000007ee000000, 0x00000007ee100000|  0%| F|  |TAMS 0x00000007ee000000, 0x00000007ee000000| Untracked 
| 225|0x00000007ee100000, 0x00000007ee100000, 0x00000007ee200000|  0%| F|  |TAMS 0x00000007ee100000, 0x00000007ee100000| Untracked 
| 226|0x00000007ee200000, 0x00000007ee200000, 0x00000007ee300000|  0%| F|  |TAMS 0x00000007ee200000, 0x00000007ee200000| Untracked 
| 227|0x00000007ee300000, 0x00000007ee300000, 0x00000007ee400000|  0%| F|  |TAMS 0x00000007ee300000, 0x00000007ee300000| Untracked 
| 228|0x00000007ee400000, 0x00000007ee400000, 0x00000007ee500000|  0%| F|  |TAMS 0x00000007ee400000, 0x00000007ee400000| Untracked 
| 229|0x00000007ee500000, 0x00000007ee500000, 0x00000007ee600000|  0%| F|  |TAMS 0x00000007ee500000, 0x00000007ee500000| Untracked 
| 230|0x00000007ee600000, 0x00000007ee6eab50, 0x00000007ee700000| 91%| E|  |TAMS 0x00000007ee600000, 0x00000007ee600000| Complete 
| 231|0x00000007ee700000, 0x00000007ee800000, 0x00000007ee800000|100%| E|CS|TAMS 0x00000007ee700000, 0x00000007ee700000| Complete 
| 232|0x00000007ee800000, 0x00000007ee900000, 0x00000007ee900000|100%| E|CS|TAMS 0x00000007ee800000, 0x00000007ee800000| Complete 
| 233|0x00000007ee900000, 0x00000007eea00000, 0x00000007eea00000|100%| E|CS|TAMS 0x00000007ee900000, 0x00000007ee900000| Complete 
| 234|0x00000007eea00000, 0x00000007eeb00000, 0x00000007eeb00000|100%| E|CS|TAMS 0x00000007eea00000, 0x00000007eea00000| Complete 
| 235|0x00000007eeb00000, 0x00000007eec00000, 0x00000007eec00000|100%| E|CS|TAMS 0x00000007eeb00000, 0x00000007eeb00000| Complete 
| 236|0x00000007eec00000, 0x00000007eed00000, 0x00000007eed00000|100%| E|CS|TAMS 0x00000007eec00000, 0x00000007eec00000| Complete 
| 237|0x00000007eed00000, 0x00000007eee00000, 0x00000007eee00000|100%| E|CS|TAMS 0x00000007eed00000, 0x00000007eed00000| Complete 
| 238|0x00000007eee00000, 0x00000007eef00000, 0x00000007eef00000|100%| E|  |TAMS 0x00000007eee00000, 0x00000007eee00000| Complete 
| 239|0x00000007eef00000, 0x00000007ef000000, 0x00000007ef000000|100%| E|CS|TAMS 0x00000007eef00000, 0x00000007eef00000| Complete 
| 240|0x00000007ef000000, 0x00000007ef100000, 0x00000007ef100000|100%| E|CS|TAMS 0x00000007ef000000, 0x00000007ef000000| Complete 
| 241|0x00000007ef100000, 0x00000007ef200000, 0x00000007ef200000|100%| E|CS|TAMS 0x00000007ef100000, 0x00000007ef100000| Complete 
| 242|0x00000007ef200000, 0x00000007ef300000, 0x00000007ef300000|100%| E|CS|TAMS 0x00000007ef200000, 0x00000007ef200000| Complete 
| 243|0x00000007ef300000, 0x00000007ef400000, 0x00000007ef400000|100%| E|CS|TAMS 0x00000007ef300000, 0x00000007ef300000| Complete 
| 244|0x00000007ef400000, 0x00000007ef500000, 0x00000007ef500000|100%| E|CS|TAMS 0x00000007ef400000, 0x00000007ef400000| Complete 
| 245|0x00000007ef500000, 0x00000007ef600000, 0x00000007ef600000|100%| E|CS|TAMS 0x00000007ef500000, 0x00000007ef500000| Complete 
| 246|0x00000007ef600000, 0x00000007ef700000, 0x00000007ef700000|100%| E|CS|TAMS 0x00000007ef600000, 0x00000007ef600000| Complete 
| 247|0x00000007ef700000, 0x00000007ef800000, 0x00000007ef800000|100%| E|CS|TAMS 0x00000007ef700000, 0x00000007ef700000| Complete 
| 248|0x00000007ef800000, 0x00000007ef900000, 0x00000007ef900000|100%| E|CS|TAMS 0x00000007ef800000, 0x00000007ef800000| Complete 
| 249|0x00000007ef900000, 0x00000007efa00000, 0x00000007efa00000|100%| E|CS|TAMS 0x00000007ef900000, 0x00000007ef900000| Complete 
| 250|0x00000007efa00000, 0x00000007efb00000, 0x00000007efb00000|100%| E|CS|TAMS 0x00000007efa00000, 0x00000007efa00000| Complete 
| 251|0x00000007efb00000, 0x00000007efc00000, 0x00000007efc00000|100%| E|CS|TAMS 0x00000007efb00000, 0x00000007efb00000| Complete 
| 252|0x00000007efc00000, 0x00000007efd00000, 0x00000007efd00000|100%| E|CS|TAMS 0x00000007efc00000, 0x00000007efc00000| Complete 
| 255|0x00000007eff00000, 0x00000007f0000000, 0x00000007f0000000|100%| E|CS|TAMS 0x00000007eff00000, 0x00000007eff00000| Complete 
| 510|0x00000007ffe00000, 0x00000007ffe77000, 0x00000007fff00000| 46%|OA|  |TAMS 0x00000007ffe77000, 0x00000007ffe00000| Untracked 
| 511|0x00000007fff00000, 0x00000007fff7f000, 0x0000000800000000| 49%|CA|  |TAMS 0x00000007fff7f000, 0x00000007fff00000| Untracked 

Card table byte_map: [0x000000010609c000,0x000000010619c000] _byte_map_base: 0x000000010219c000

Marking Bits (Prev, Next): (CMBitMap*) 0x00007ff294809010, (CMBitMap*) 0x00007ff294809050
 Prev Bits: [0x000000010629c000, 0x0000000106a9c000)
 Next Bits: [0x0000000106a9c000, 0x000000010729c000)

Polling page: 0x0000000103364000

Metaspace:

Usage:
  Non-class:     69.53 MB used.
      Class:     10.97 MB used.
       Both:     80.50 MB used.

Virtual space:
  Non-class space:       72.00 MB reserved,      69.88 MB ( 97%) committed,  9 nodes.
      Class space:      308.00 MB reserved,      11.38 MB (  4%) committed,  1 nodes.
             Both:      380.00 MB reserved,      81.25 MB ( 21%) committed. 

Chunk freelists:
   Non-Class:  1.69 MB
       Class:  774.00 KB
        Both:  2.44 MB

MaxMetaspaceSize: 384.00 MB
CompressedClassSpaceSize: 308.00 MB
Initial GC threshold: 21.00 MB
Current GC threshold: 135.00 MB
CDS: on
MetaspaceReclaimPolicy: balanced
 - commit_granule_bytes: 65536.
 - commit_granule_words: 8192.
 - virtual_space_node_default_size: 1048576.
 - enlarge_chunks_in_place: 1.
 - new_chunks_are_fully_committed: 0.
 - uncommit_free_chunks: 1.
 - use_allocation_guard: 0.
 - handle_deallocations: 1.


Internal statistics:

num_allocs_failed_limit: 15.
num_arena_births: 1320.
num_arena_deaths: 490.
num_vsnodes_births: 10.
num_vsnodes_deaths: 0.
num_space_committed: 1300.
num_space_uncommitted: 0.
num_chunks_returned_to_freelist: 702.
num_chunks_taken_from_freelist: 5030.
num_chunk_merges: 234.
num_chunk_splits: 2907.
num_chunks_enlarged: 1696.
num_purges: 4.
num_inconsistent_stats: 0.

CodeHeap 'non-profiled nmethods': size=120028Kb used=7244Kb max_used=7244Kb free=112783Kb
 bounds [0x0000000117faa000, 0x00000001186ca000, 0x000000011f4e1000]
CodeHeap 'profiled nmethods': size=120028Kb used=21349Kb max_used=22105Kb free=98678Kb
 bounds [0x00000001104e1000, 0x0000000111ae1000, 0x0000000117a18000]
CodeHeap 'non-nmethods': size=5704Kb used=2408Kb max_used=2470Kb free=3295Kb
 bounds [0x0000000117a18000, 0x0000000117c98000, 0x0000000117faa000]
 total_blobs=12879 nmethods=11937 adapters=854
 compilation: enabled
              stopped_count=0, restarted_count=0
 full_count=0

Compilation events (20 events):
Event: 2552.777 Thread 0x00007ff293814400 14603       2       sun.security.provider.DigestBase::engineUpdate (32 bytes)
Event: 2552.778 Thread 0x00007ff293814400 nmethod 14603 0x0000000110ea5710 code [0x0000000110ea58c0, 0x0000000110ea5b40]
Event: 2552.778 Thread 0x00007ff293814400 14602       2       org.gradle.internal.hash.Hashing$MessageDigestHasher::putByte (9 bytes)
Event: 2552.778 Thread 0x00007ff293814400 nmethod 14602 0x00000001113a4a90 code [0x00000001113a4c40, 0x00000001113a4e50]
Event: 2552.778 Thread 0x00007ff293814400 14604       2       org.gradle.api.internal.changedetection.state.LineEndingNormalizingInputStreamHasher::isControlCharacter (20 bytes)
Event: 2552.778 Thread 0x00007ff293814400 nmethod 14604 0x00000001113a4690 code [0x00000001113a4840, 0x00000001113a49d0]
Event: 2552.778 Thread 0x00007ff293814400 14605       2       org.gradle.api.internal.changedetection.state.LineEndingNormalizingInputStreamHasher::isInControlRange (16 bytes)
Event: 2552.778 Thread 0x00007ff293814400 nmethod 14605 0x00000001113a4310 code [0x00000001113a44a0, 0x00000001113a45b0]
Event: 2552.778 Thread 0x00007ff293814400 14601       2       java.security.MessageDigest$Delegate::engineUpdate (9 bytes)
Event: 2552.778 Thread 0x00007ff293814400 nmethod 14601 0x00000001113a3e10 code [0x00000001113a3fc0, 0x00000001113a40e0]
Event: 2552.778 Thread 0x00007ff293814400 14606       2       java.util.ArrayDeque::nonNullElementAt (18 bytes)
Event: 2552.778 Thread 0x00007ff293814400 nmethod 14606 0x00000001112c2610 code [0x00000001112c27c0, 0x00000001112c29a0]
Event: 2552.778 Thread 0x00007ff293814400 14607       3       org.gradle.internal.serialize.kryo.KryoBackedEncoder::writeByte (9 bytes)
Event: 2552.779 Thread 0x00007ff293814400 nmethod 14607 0x00000001112c2210 code [0x00000001112c23c0, 0x00000001112c2520]
Event: 2552.779 Thread 0x00007ff293814400 14608       3       sun.security.provider.DigestBase::engineUpdate (32 bytes)
Event: 2552.779 Thread 0x00007ff293814400 nmethod 14608 0x00000001112c1c90 code [0x00000001112c1e40, 0x00000001112c2100]
Event: 2552.779 Thread 0x00007ff293814400 14610       3       org.gradle.internal.hash.Hashing$MessageDigestHasher::putByte (9 bytes)
Event: 2552.780 Thread 0x00007ff293814400 nmethod 14610 0x0000000110986c90 code [0x0000000110986e60, 0x0000000110987370]
Event: 2552.780 Thread 0x00007ff293814400 14609       3       org.gradle.api.internal.changedetection.state.LineEndingNormalizingInputStreamHasher::isControlCharacter (20 bytes)
Event: 2552.780 Thread 0x00007ff293814400 nmethod 14609 0x0000000110986310 code [0x00000001109864e0, 0x0000000110986950]

GC Heap History (20 events):
Event: 4.886 GC heap before
{Heap before GC invocations=8 (full 0):
 garbage-first heap   total 262144K, used 194410K [0x00000007e0000000, 0x0000000800000000)
  region size 1024K, 137 young (140288K), 1 survivors (1024K)
 Metaspace       used 48688K, committed 49280K, reserved 364544K
  class space    used 7061K, committed 7360K, reserved 315392K
}
Event: 4.892 GC heap after
{Heap after GC invocations=9 (full 0):
 garbage-first heap   total 262144K, used 64209K [0x00000007e0000000, 0x0000000800000000)
  region size 1024K, 11 young (11264K), 11 survivors (11264K)
 Metaspace       used 48688K, committed 49280K, reserved 364544K
  class space    used 7061K, committed 7360K, reserved 315392K
}
Event: 6.638 GC heap before
{Heap before GC invocations=9 (full 0):
 garbage-first heap   total 262144K, used 215761K [0x00000007e0000000, 0x0000000800000000)
  region size 1024K, 132 young (135168K), 11 survivors (11264K)
 Metaspace       used 60271K, committed 60928K, reserved 372736K
  class space    used 8767K, committed 9088K, reserved 315392K
}
Event: 6.649 GC heap after
{Heap after GC invocations=10 (full 0):
 garbage-first heap   total 262144K, used 105774K [0x00000007e0000000, 0x0000000800000000)
  region size 1024K, 12 young (12288K), 12 survivors (12288K)
 Metaspace       used 60271K, committed 60928K, reserved 372736K
  class space    used 8767K, committed 9088K, reserved 315392K
}
Event: 8.103 GC heap before
{Heap before GC invocations=11 (full 0):
 garbage-first heap   total 262144K, used 203054K [0x00000007e0000000, 0x0000000800000000)
  region size 1024K, 108 young (110592K), 12 survivors (12288K)
 Metaspace       used 70222K, committed 70912K, reserved 380928K
  class space    used 9944K, committed 10240K, reserved 315392K
}
Event: 8.112 GC heap after
{Heap after GC invocations=12 (full 0):
 garbage-first heap   total 262144K, used 112541K [0x00000007e0000000, 0x0000000800000000)
  region size 1024K, 7 young (7168K), 7 survivors (7168K)
 Metaspace       used 70222K, committed 70912K, reserved 380928K
  class space    used 9944K, committed 10240K, reserved 315392K
}
Event: 10.209 GC heap before
{Heap before GC invocations=13 (full 0):
 garbage-first heap   total 262144K, used 209821K [0x00000007e0000000, 0x0000000800000000)
  region size 1024K, 100 young (102400K), 7 survivors (7168K)
 Metaspace       used 76716K, committed 77440K, reserved 389120K
  class space    used 10709K, committed 11072K, reserved 315392K
}
Event: 10.216 GC heap after
{Heap after GC invocations=14 (full 0):
 garbage-first heap   total 262144K, used 117339K [0x00000007e0000000, 0x0000000800000000)
  region size 1024K, 12 young (12288K), 12 survivors (12288K)
 Metaspace       used 76716K, committed 77440K, reserved 389120K
  class space    used 10709K, committed 11072K, reserved 315392K
}
Event: 313.796 GC heap before
{Heap before GC invocations=14 (full 0):
 garbage-first heap   total 262144K, used 209499K [0x00000007e0000000, 0x0000000800000000)
  region size 1024K, 103 young (105472K), 12 survivors (12288K)
 Metaspace       used 80400K, committed 81216K, reserved 389120K
  class space    used 11174K, committed 11584K, reserved 315392K
}
Event: 313.808 GC heap after
{Heap after GC invocations=15 (full 0):
 garbage-first heap   total 262144K, used 125415K [0x00000007e0000000, 0x0000000800000000)
  region size 1024K, 13 young (13312K), 13 survivors (13312K)
 Metaspace       used 80400K, committed 81216K, reserved 389120K
  class space    used 11174K, committed 11584K, reserved 315392K
}
Event: 315.657 GC heap before
{Heap before GC invocations=15 (full 0):
 garbage-first heap   total 262144K, used 210407K [0x00000007e0000000, 0x0000000800000000)
  region size 1024K, 97 young (99328K), 13 survivors (13312K)
 Metaspace       used 80922K, committed 81792K, reserved 389120K
  class space    used 11191K, committed 11584K, reserved 315392K
}
Event: 315.668 GC heap after
{Heap after GC invocations=16 (full 0):
 garbage-first heap   total 262144K, used 130459K [0x00000007e0000000, 0x0000000800000000)
  region size 1024K, 5 young (5120K), 5 survivors (5120K)
 Metaspace       used 80922K, committed 81792K, reserved 389120K
  class space    used 11191K, committed 11584K, reserved 315392K
}
Event: 2551.725 GC heap before
{Heap before GC invocations=16 (full 0):
 garbage-first heap   total 262144K, used 213403K [0x00000007e0000000, 0x0000000800000000)
  region size 1024K, 87 young (89088K), 5 survivors (5120K)
 Metaspace       used 81467K, committed 82368K, reserved 389120K
  class space    used 11211K, committed 11648K, reserved 315392K
}
Event: 2551.730 GC heap after
{Heap after GC invocations=17 (full 0):
 garbage-first heap   total 262144K, used 133506K [0x00000007e0000000, 0x0000000800000000)
  region size 1024K, 8 young (8192K), 8 survivors (8192K)
 Metaspace       used 81467K, committed 82368K, reserved 389120K
  class space    used 11211K, committed 11648K, reserved 315392K
}
Event: 2552.088 GC heap before
{Heap before GC invocations=18 (full 0):
 garbage-first heap   total 262144K, used 215426K [0x00000007e0000000, 0x0000000800000000)
  region size 1024K, 88 young (90112K), 8 survivors (8192K)
 Metaspace       used 80866K, committed 82368K, reserved 389120K
  class space    used 11053K, committed 11648K, reserved 315392K
}
Event: 2552.094 GC heap after
{Heap after GC invocations=19 (full 0):
 garbage-first heap   total 262144K, used 136796K [0x00000007e0000000, 0x0000000800000000)
  region size 1024K, 8 young (8192K), 8 survivors (8192K)
 Metaspace       used 80866K, committed 82368K, reserved 389120K
  class space    used 11053K, committed 11648K, reserved 315392K
}
Event: 2552.139 GC heap before
{Heap before GC invocations=19 (full 0):
 garbage-first heap   total 262144K, used 140892K [0x00000007e0000000, 0x0000000800000000)
  region size 1024K, 12 young (12288K), 8 survivors (8192K)
 Metaspace       used 80912K, committed 82368K, reserved 389120K
  class space    used 11054K, committed 11648K, reserved 315392K
}
Event: 2552.144 GC heap after
{Heap after GC invocations=20 (full 0):
 garbage-first heap   total 262144K, used 134192K [0x00000007e0000000, 0x0000000800000000)
  region size 1024K, 2 young (2048K), 2 survivors (2048K)
 Metaspace       used 80912K, committed 82368K, reserved 389120K
  class space    used 11054K, committed 11648K, reserved 315392K
}
Event: 2552.586 GC heap before
{Heap before GC invocations=20 (full 0):
 garbage-first heap   total 262144K, used 217136K [0x00000007e0000000, 0x0000000800000000)
  region size 1024K, 83 young (84992K), 2 survivors (2048K)
 Metaspace       used 81973K, committed 82880K, reserved 389120K
  class space    used 11167K, committed 11648K, reserved 315392K
}
Event: 2552.592 GC heap after
{Heap after GC invocations=21 (full 0):
 garbage-first heap   total 262144K, used 139243K [0x00000007e0000000, 0x0000000800000000)
  region size 1024K, 7 young (7168K), 7 survivors (7168K)
 Metaspace       used 81973K, committed 82880K, reserved 389120K
  class space    used 11167K, committed 11648K, reserved 315392K
}

Dll operation events (13 events):
Event: 0.033 Loaded shared library /Library/Java/JavaVirtualMachines/zulu-17.jdk/Contents/Home/lib/libjava.dylib
Event: 0.083 Loaded shared library /Library/Java/JavaVirtualMachines/zulu-17.jdk/Contents/Home/lib/libzip.dylib
Event: 0.085 Loaded shared library /Library/Java/JavaVirtualMachines/zulu-17.jdk/Contents/Home/lib/libinstrument.dylib
Event: 0.087 Loaded shared library /Library/Java/JavaVirtualMachines/zulu-17.jdk/Contents/Home/lib/libnio.dylib
Event: 0.092 Loaded shared library /Library/Java/JavaVirtualMachines/zulu-17.jdk/Contents/Home/lib/libzip.dylib
Event: 0.195 Loaded shared library /Library/Java/JavaVirtualMachines/zulu-17.jdk/Contents/Home/lib/libjimage.dylib
Event: 0.249 Loaded shared library /Library/Java/JavaVirtualMachines/zulu-17.jdk/Contents/Home/lib/libverify.dylib
Event: 0.353 Loaded shared library /Library/Java/JavaVirtualMachines/zulu-17.jdk/Contents/Home/lib/libnet.dylib
Event: 0.362 Loaded shared library /Users/macbook/.gradle/native/c067742578af261105cb4f569cf0c3c89f3d7b1fecec35dd04571415982c5e48/osx-amd64/libnative-platform.dylib
Event: 0.366 Loaded shared library /Users/macbook/.gradle/native/100fb08df4bc3b14c8652ba06237920a3bd2aa13389f12d3474272988ae205f9/osx-amd64/libnative-platform-file-events.dylib
Event: 0.809 Loaded shared library /Library/Java/JavaVirtualMachines/zulu-17.jdk/Contents/Home/lib/libmanagement.dylib
Event: 0.821 Loaded shared library /Library/Java/JavaVirtualMachines/zulu-17.jdk/Contents/Home/lib/libmanagement_ext.dylib
Event: 0.937 Loaded shared library /Library/Java/JavaVirtualMachines/zulu-17.jdk/Contents/Home/lib/libextnet.dylib

Deoptimization events (20 events):
Event: 2552.649 Thread 0x00007ff295100800 Uncommon trap: trap_request=0xffffffd6 fr.pc=0x00000001182cc6c0 relative=0x0000000000000880
Event: 2552.649 Thread 0x00007ff295100800 Uncommon trap: reason=array_check action=maybe_recompile pc=0x00000001182cc6c0 method=java.util.TimSort.binarySort([Ljava/lang/Object;IIILjava/util/Comparator;)V @ 193 c2
Event: 2552.649 Thread 0x00007ff295100800 DEOPT PACKING pc=0x00000001182cc6c0 sp=0x0000700007a45ca0
Event: 2552.649 Thread 0x00007ff295100800 DEOPT UNPACKING pc=0x0000000117a6e699 sp=0x0000700007a45c48 mode 2
Event: 2552.726 Thread 0x00007ff29504b400 Uncommon trap: trap_request=0xffffff45 fr.pc=0x00000001184e7ad8 relative=0x0000000000000e38
Event: 2552.726 Thread 0x00007ff29504b400 Uncommon trap: reason=unstable_if action=reinterpret pc=0x00000001184e7ad8 method=java.io.ClassCache.processQueue()V @ 9 c2
Event: 2552.726 Thread 0x00007ff29504b400 DEOPT PACKING pc=0x00000001184e7ad8 sp=0x0000700007d548a0
Event: 2552.726 Thread 0x00007ff29504b400 DEOPT UNPACKING pc=0x0000000117a6e699 sp=0x0000700007d54718 mode 2
Event: 2552.727 Thread 0x00007ff29504b400 Uncommon trap: trap_request=0xffffff45 fr.pc=0x000000011827ac50 relative=0x00000000000003f0
Event: 2552.727 Thread 0x00007ff29504b400 Uncommon trap: reason=unstable_if action=reinterpret pc=0x000000011827ac50 method=java.io.ClassCache.processQueue()V @ 9 c2
Event: 2552.727 Thread 0x00007ff29504b400 DEOPT PACKING pc=0x000000011827ac50 sp=0x0000700007d53f40
Event: 2552.727 Thread 0x00007ff29504b400 DEOPT UNPACKING pc=0x0000000117a6e699 sp=0x0000700007d53e98 mode 2
Event: 2552.746 Thread 0x00007ff296951200 Uncommon trap: trap_request=0xffffff45 fr.pc=0x0000000118508c80 relative=0x00000000000006a0
Event: 2552.746 Thread 0x00007ff296951200 Uncommon trap: reason=unstable_if action=reinterpret pc=0x0000000118508c80 method=java.lang.String.regionMatches(ZILjava/lang/String;II)Z @ 1 c2
Event: 2552.746 Thread 0x00007ff296951200 DEOPT PACKING pc=0x0000000118508c80 sp=0x000070000a1bb560
Event: 2552.746 Thread 0x00007ff296951200 DEOPT UNPACKING pc=0x0000000117a6e699 sp=0x000070000a1bb528 mode 2
Event: 2552.774 Thread 0x00007ff296951200 Uncommon trap: trap_request=0xffffff45 fr.pc=0x00000001185c3768 relative=0x00000000000002a8
Event: 2552.774 Thread 0x00007ff296951200 Uncommon trap: reason=unstable_if action=reinterpret pc=0x00000001185c3768 method=org.gradle.internal.file.FileHierarchySet$Node.isChildOfOrThis(Ljava/lang/String;I)Z @ 89 c2
Event: 2552.774 Thread 0x00007ff296951200 DEOPT PACKING pc=0x00000001185c3768 sp=0x000070000a1bb980
Event: 2552.774 Thread 0x00007ff296951200 DEOPT UNPACKING pc=0x0000000117a6e699 sp=0x000070000a1bb918 mode 2

Classes unloaded (20 events):
Event: 2552.661 Thread 0x00007ff29251f010 Unloading class 0x0000000801b4dc00 'jdk/internal/reflect/GeneratedMethodAccessor56'
Event: 2552.661 Thread 0x00007ff29251f010 Unloading class 0x0000000801b4d400 'jdk/internal/reflect/GeneratedMethodAccessor54'
Event: 2552.661 Thread 0x00007ff29251f010 Unloading class 0x0000000801b4c800 'jdk/internal/reflect/GeneratedMethodAccessor51'
Event: 2552.661 Thread 0x00007ff29251f010 Unloading class 0x0000000801b20c00 'jdk/internal/reflect/GeneratedMethodAccessor30'
Event: 2552.661 Thread 0x00007ff29251f010 Unloading class 0x0000000801ae8800 'org/jetbrains/plugins/gradle/tooling/util/StringUtils$toCamelCase'
Event: 2552.661 Thread 0x00007ff29251f010 Unloading class 0x0000000801ae2800 'org/jetbrains/plugins/gradle/tooling/util/DependencyResolver$resolveDependencies'
Event: 2552.661 Thread 0x00007ff29251f010 Unloading class 0x0000000801af1000 'java_util_Map$get$0'
Event: 2552.661 Thread 0x00007ff29251f010 Unloading class 0x0000000801ae2000 'java_util_Map$put'
Event: 2552.661 Thread 0x00007ff29251f010 Unloading class 0x0000000801adb800 'org/jetbrains/plugins/gradle/model/DefaultExternalSourceDirectorySet$addGradleOutputDir'
Event: 2552.661 Thread 0x00007ff29251f010 Unloading class 0x0000000801ad9800 'org/gradle/api/DomainObjectCollection$withType'
Event: 2552.661 Thread 0x00007ff29251f010 Unloading class 0x0000000801ae1000 'java_util_List$isEmpty$1'
Event: 2552.661 Thread 0x00007ff29251f010 Unloading class 0x0000000801adb000 'java_util_List$add$0'
Event: 2552.661 Thread 0x00007ff29251f010 Unloading class 0x0000000801ad9000 'java_util_List$contains'
Event: 2552.661 Thread 0x00007ff29251f010 Unloading class 0x0000000801ad8800 'org/gradle/jvm/toolchain/internal/JavaToolchain$isFallbackToolchain'
Event: 2552.661 Thread 0x00007ff29251f010 Unloading class 0x0000000801ad8000 'org/gradle/api/provider/Provider$get'
Event: 2552.661 Thread 0x00007ff29251f010 Unloading class 0x0000000801ae08d0 'java_util_Set$isEmpty$2'
Event: 2552.661 Thread 0x00007ff29251f010 Unloading class 0x0000000801ae0468 'java_util_Set$containsAll$1'
Event: 2552.661 Thread 0x00007ff29251f010 Unloading class 0x0000000801ae0000 'java_util_Set$iterator$0'
Event: 2552.661 Thread 0x00007ff29251f010 Unloading class 0x0000000801a80800 'java_util_Set$addAll'
Event: 2552.661 Thread 0x00007ff29251f010 Unloading class 0x0000000801369c00 'jdk/internal/reflect/GeneratedMethodAccessor4'

Classes redefined (0 events):
No events

Internal exceptions (20 events):
Event: 2552.541 Thread 0x00007ff295100800 Exception <a 'java/lang/ClassNotFoundException'{0x00000007eb29c028}: org/gradle/api/tasks/JavaExecBeanInfo> (0x00000007eb29c028) 
thrown [src/hotspot/share/classfile/systemDictionary.cpp, line 259]
Event: 2552.541 Thread 0x00007ff295100800 Exception <a 'java/lang/ClassNotFoundException'{0x00000007eb2ab790}: org/gradle/api/tasks/JavaExecCustomizer> (0x00000007eb2ab790) 
thrown [src/hotspot/share/classfile/systemDictionary.cpp, line 259]
Event: 2552.547 Thread 0x00007ff295100800 Exception <a 'java/lang/ClassNotFoundException'{0x00000007eae31c60}: org/gradle/api/tasks/JavaExec_DecoratedCustomizer> (0x00000007eae31c60) 
thrown [src/hotspot/share/classfile/systemDictionary.cpp, line 259]
Event: 2552.552 Thread 0x00007ff295100800 Exception <a 'java/lang/ClassNotFoundException'{0x00000007eaee25a8}: java/lang/SystemBeanInfo> (0x00000007eaee25a8) 
thrown [src/hotspot/share/classfile/systemDictionary.cpp, line 259]
Event: 2552.552 Thread 0x00007ff295100800 Exception <a 'java/lang/ClassNotFoundException'{0x00000007eaee8e28}: java/lang/SystemCustomizer> (0x00000007eaee8e28) 
thrown [src/hotspot/share/classfile/systemDictionary.cpp, line 259]
Event: 2552.576 Thread 0x00007ff295100800 Exception <a 'java/lang/NoSuchMethodError'{0x00000007eaca4458}: 'java.lang.Object java.lang.invoke.DirectMethodHandle$Holder.newInvokeSpecial(java.lang.Object, java.lang.Object, java.lang.Object, java.lang.Object, java.lang.Object, java.lang.Object, int)'> (0x00000007eaca4458) 
thrown [src/hotspot/share/interpreter/linkResolver.cpp, line 759]
Event: 2552.577 Thread 0x00007ff295100800 Exception <a 'java/lang/NoSuchMethodError'{0x00000007eaca9c48}: 'java.lang.Object java.lang.invoke.DirectMethodHandle$Holder.invokeSpecial(java.lang.Object, java.lang.Object, java.lang.Object, java.lang.Object, java.lang.Object, java.lang.Object, java.lang.Object, int)'> (0x00000007eaca9c48) 
thrown [src/hotspot/share/interpreter/linkResolver.cpp, line 759]
Event: 2552.577 Thread 0x00007ff295100800 Exception <a 'java/lang/NoSuchMethodError'{0x00000007eacaf020}: 'java.lang.Object java.lang.invoke.Invokers$Holder.linkToTargetMethod(java.lang.Object, java.lang.Object, java.lang.Object, java.lang.Object, java.lang.Object, int, java.lang.Object)'> (0x00000007eacaf020) 
thrown [src/hotspot/share/interpreter/linkResolver.cpp, line 759]
Event: 2552.707 Thread 0x00007ff295100800 Exception <a 'java/lang/ClassNotFoundException'{0x00000007ef110328}: org/gradle/api/DefaultTask_DecoratedBeanInfo> (0x00000007ef110328) 
thrown [src/hotspot/share/classfile/systemDictionary.cpp, line 259]
Event: 2552.707 Thread 0x00007ff295100800 Exception <a 'java/lang/ClassNotFoundException'{0x00000007ef11ad90}: org/gradle/api/DefaultTask_DecoratedCustomizer> (0x00000007ef11ad90) 
thrown [src/hotspot/share/classfile/systemDictionary.cpp, line 259]
Event: 2552.717 Thread 0x00007ff296951200 Exception <a 'java/lang/NoSuchMethodError'{0x00000007eef519d8}: 'void java.lang.invoke.DirectMethodHandle$Holder.invokeSpecial(java.lang.Object, java.lang.Object, java.lang.Object, java.lang.Object, int, java.lang.Object, java.lang.Object)'> (0x00000007eef519d8) 
thrown [src/hotspot/share/interpreter/linkResolver.cpp, line 759]
Event: 2552.728 Thread 0x00007ff29504b400 Exception <a 'java/lang/NoSuchMethodError'{0x00000007eee2dd98}: static Lorg/gradle/internal/build/event/types/DefaultTaskStartedProgressEvent;.<clinit>()V> (0x00000007eee2dd98) 
thrown [src/hotspot/share/prims/jni.cpp, line 1107]
Event: 2552.728 Thread 0x00007ff29504b400 Exception <a 'java/lang/NoSuchMethodError'{0x00000007eee2f548}: static Lorg/gradle/internal/build/event/types/AbstractProgressEvent;.<clinit>()V> (0x00000007eee2f548) 
thrown [src/hotspot/share/prims/jni.cpp, line 1107]
Event: 2552.729 Thread 0x00007ff29504b400 Exception <a 'java/lang/NoSuchMethodError'{0x00000007eee3ae40}: static Lorg/gradle/internal/build/event/types/DefaultTaskDescriptor;.<clinit>()V> (0x00000007eee3ae40) 
thrown [src/hotspot/share/prims/jni.cpp, line 1107]
Event: 2552.730 Thread 0x00007ff29504b400 Exception <a 'java/lang/NoSuchMethodError'{0x00000007eee7c558}: static Lorg/gradle/internal/operations/OperationIdentifier;.<clinit>()V> (0x00000007eee7c558) 
thrown [src/hotspot/share/prims/jni.cpp, line 1107]
Event: 2552.731 Thread 0x00007ff29504b400 Exception <a 'java/lang/NoSuchMethodError'{0x00000007eee872b0}: static Lorg/gradle/internal/build/event/types/DefaultBinaryPluginIdentifier;.<clinit>()V> (0x00000007eee872b0) 
thrown [src/hotspot/share/prims/jni.cpp, line 1107]
Event: 2552.735 Thread 0x00007ff296951200 Exception <a 'sun/nio/fs/UnixException'{0x00000007eeeb4a00}> (0x00000007eeeb4a00) 
thrown [src/hotspot/share/prims/jni.cpp, line 516]
Event: 2552.736 Thread 0x00007ff296951200 Exception <a 'sun/nio/fs/UnixException'{0x00000007eeeb6ab0}> (0x00000007eeeb6ab0) 
thrown [src/hotspot/share/prims/jni.cpp, line 516]
Event: 2552.736 Thread 0x00007ff296951200 Exception <a 'sun/nio/fs/UnixException'{0x00000007eeeb8998}> (0x00000007eeeb8998) 
thrown [src/hotspot/share/prims/jni.cpp, line 516]
Event: 2552.736 Thread 0x00007ff296951200 Exception <a 'sun/nio/fs/UnixException'{0x00000007eeeba460}> (0x00000007eeeba460) 
thrown [src/hotspot/share/prims/jni.cpp, line 516]

VM Operations (20 events):
Event: 2552.010 Executing VM operation: HandshakeAllThreads
Event: 2552.010 Executing VM operation: HandshakeAllThreads done
Event: 2552.088 Executing VM operation: G1CollectForAllocation
Event: 2552.095 Executing VM operation: G1CollectForAllocation done
Event: 2552.139 Executing VM operation: G1CollectForAllocation
Event: 2552.144 Executing VM operation: G1CollectForAllocation done
Event: 2552.318 Executing VM operation: ICBufferFull
Event: 2552.318 Executing VM operation: ICBufferFull done
Event: 2552.584 Executing VM operation: ICBufferFull
Event: 2552.584 Executing VM operation: ICBufferFull done
Event: 2552.586 Executing VM operation: G1CollectForAllocation
Event: 2552.593 Executing VM operation: G1CollectForAllocation done
Event: 2552.660 Executing VM operation: G1Concurrent
Event: 2552.669 Executing VM operation: G1Concurrent done
Event: 2552.702 Executing VM operation: G1Concurrent
Event: 2552.702 Executing VM operation: G1Concurrent done
Event: 2552.739 Executing VM operation: HandshakeAllThreads
Event: 2552.739 Executing VM operation: HandshakeAllThreads done
Event: 2552.741 Executing VM operation: HandshakeAllThreads
Event: 2552.741 Executing VM operation: HandshakeAllThreads done

Events (20 events):
Event: 2552.596 Thread 0x00007ff299954200 Thread added: 0x00007ff299954200
Event: 2552.597 Protecting memory [0x0000700009ebb000,0x0000700009ebf000] with protection modes 0
Event: 2552.710 Thread 0x00007ff29a7f6600 Thread added: 0x00007ff29a7f6600
Event: 2552.710 Protecting memory [0x0000700009fbe000,0x0000700009fc2000] with protection modes 0
Event: 2552.711 Thread 0x00007ff296951200 Thread added: 0x00007ff296951200
Event: 2552.711 Protecting memory [0x000070000a0c1000,0x000070000a0c5000] with protection modes 0
Event: 2552.711 Thread 0x00007ff29682d000 Thread added: 0x00007ff29682d000
Event: 2552.711 Protecting memory [0x000070000a1c4000,0x000070000a1c8000] with protection modes 0
Event: 2552.711 Thread 0x00007ff29689aa00 Thread added: 0x00007ff29689aa00
Event: 2552.711 Protecting memory [0x000070000a2c7000,0x000070000a2cb000] with protection modes 0
Event: 2552.711 Thread 0x00007ff29686d400 Thread added: 0x00007ff29686d400
Event: 2552.711 Protecting memory [0x000070000a3ca000,0x000070000a3ce000] with protection modes 0
Event: 2552.711 Thread 0x00007ff295020e00 Thread added: 0x00007ff295020e00
Event: 2552.711 Protecting memory [0x000070000a4cd000,0x000070000a4d1000] with protection modes 0
Event: 2552.711 Thread 0x00007ff29a6ab800 Thread added: 0x00007ff29a6ab800
Event: 2552.711 Protecting memory [0x000070000a5d0000,0x000070000a5d4000] with protection modes 0
Event: 2552.711 Thread 0x00007ff29a301200 Thread added: 0x00007ff29a301200
Event: 2552.711 Protecting memory [0x000070000a7d6000,0x000070000a7da000] with protection modes 0
Event: 2552.725 Thread 0x00007ff293010400 Thread added: 0x00007ff293010400
Event: 2552.725 Protecting memory [0x000070000a8d9000,0x000070000a8dd000] with protection modes 0


Dynamic libraries:
0x00007fff6d90b000 	/usr/lib/libz.1.dylib
0x0000000103303000 	/Library/Java/JavaVirtualMachines/zulu-17.jdk/Contents/Home/lib/libjli.dylib
0x00007fff41a79000 	/System/Library/Frameworks/Cocoa.framework/Versions/A/Cocoa
0x00007fff4d81d000 	/System/Library/Frameworks/Security.framework/Versions/A/Security
0x00007fff4070c000 	/System/Library/Frameworks/ApplicationServices.framework/Versions/A/ApplicationServices
0x00007fff6b265000 	/usr/lib/libSystem.B.dylib
0x00007fff6e101000 	/usr/lib/system/libcache.dylib
0x00007fff6e106000 	/usr/lib/system/libcommonCrypto.dylib
0x00007fff6e111000 	/usr/lib/system/libcompiler_rt.dylib
0x00007fff6e119000 	/usr/lib/system/libcopyfile.dylib
0x00007fff6e123000 	/usr/lib/system/libcorecrypto.dylib
0x00007fff6e22e000 	/usr/lib/system/libdispatch.dylib
0x00007fff6e268000 	/usr/lib/system/libdyld.dylib
0x00007fff6e295000 	/usr/lib/system/libkeymgr.dylib
0x00007fff6e2a3000 	/usr/lib/system/liblaunch.dylib
0x00007fff6e2a4000 	/usr/lib/system/libmacho.dylib
0x00007fff6e2aa000 	/usr/lib/system/libquarantine.dylib
0x00007fff6e2ad000 	/usr/lib/system/libremovefile.dylib
0x00007fff6e2af000 	/usr/lib/system/libsystem_asl.dylib
0x00007fff6e2c7000 	/usr/lib/system/libsystem_blocks.dylib
0x00007fff6e2c8000 	/usr/lib/system/libsystem_c.dylib
0x00007fff6e350000 	/usr/lib/system/libsystem_configuration.dylib
0x00007fff6e354000 	/usr/lib/system/libsystem_coreservices.dylib
0x00007fff6e358000 	/usr/lib/system/libsystem_darwin.dylib
0x00007fff6e35f000 	/usr/lib/system/libsystem_dnssd.dylib
0x00007fff6e366000 	/usr/lib/system/libsystem_info.dylib
0x00007fff6e3db000 	/usr/lib/system/libsystem_m.dylib
0x00007fff6e427000 	/usr/lib/system/libsystem_malloc.dylib
0x00007fff6e452000 	/usr/lib/system/libsystem_networkextension.dylib
0x00007fff6e45d000 	/usr/lib/system/libsystem_notify.dylib
0x00007fff6e47a000 	/usr/lib/system/libsystem_sandbox.dylib
0x00007fff6e47e000 	/usr/lib/system/libsystem_secinit.dylib
0x00007fff6e3b2000 	/usr/lib/system/libsystem_kernel.dylib
0x00007fff6e465000 	/usr/lib/system/libsystem_platform.dylib
0x00007fff6e46f000 	/usr/lib/system/libsystem_pthread.dylib
0x00007fff6e481000 	/usr/lib/system/libsystem_symptoms.dylib
0x00007fff6e489000 	/usr/lib/system/libsystem_trace.dylib
0x00007fff6e4a0000 	/usr/lib/system/libunwind.dylib
0x00007fff6e4a6000 	/usr/lib/system/libxpc.dylib
0x00007fff6ca9c000 	/usr/lib/libobjc.A.dylib
0x00007fff6b4fc000 	/usr/lib/libc++abi.dylib
0x00007fff6b4a8000 	/usr/lib/libc++.1.dylib
0x00007fff422ee000 	/System/Library/Frameworks/CoreFoundation.framework/Versions/A/CoreFoundation
0x00007fff44571000 	/System/Library/Frameworks/Foundation.framework/Versions/C/Foundation
0x00007fff3f905000 	/System/Library/Frameworks/AppKit.framework/Versions/C/AppKit
0x00007fff41e77000 	/System/Library/Frameworks/CoreData.framework/Versions/A/CoreData
0x00007fff64d2b000 	/System/Library/PrivateFrameworks/RemoteViewServices.framework/Versions/A/RemoteViewServices
0x00007fff68fa2000 	/System/Library/PrivateFrameworks/UIFoundation.framework/Versions/A/UIFoundation
0x00007fff6a686000 	/System/Library/PrivateFrameworks/XCTTargetBootstrap.framework/Versions/A/XCTTargetBootstrap
0x00007fff421fd000 	/System/Library/Frameworks/CoreDisplay.framework/Versions/A/CoreDisplay
0x00007fff5fa65000 	/System/Library/PrivateFrameworks/IconServices.framework/Versions/A/IconServices
0x00007fff46e92000 	/System/Library/Frameworks/Metal.framework/Versions/A/Metal
0x00007fff56fa8000 	/System/Library/PrivateFrameworks/DesktopServicesPriv.framework/Versions/A/DesktopServicesPriv
0x00007fff6bdff000 	/usr/lib/libenergytrace.dylib
0x00007fff67489000 	/System/Library/PrivateFrameworks/SkyLight.framework/Versions/A/SkyLight
0x00007fff42735000 	/System/Library/Frameworks/CoreGraphics.framework/Versions/A/CoreGraphics
0x00007fff3e6d1000 	/System/Library/Frameworks/Accelerate.framework/Versions/A/Accelerate
0x00007fff44cba000 	/System/Library/Frameworks/IOSurface.framework/Versions/A/IOSurface
0x00007fff56e14000 	/System/Library/PrivateFrameworks/DFRFoundation.framework/Versions/A/DFRFoundation
0x00007fff40bef000 	/System/Library/Frameworks/AudioToolbox.framework/Versions/A/AudioToolbox
0x00007fff40e68000 	/System/Library/Frameworks/AudioUnit.framework/Versions/A/AudioUnit
0x00007fff56ea9000 	/System/Library/PrivateFrameworks/DataDetectorsCore.framework/Versions/A/DataDetectorsCore
0x00007fff4157c000 	/System/Library/Frameworks/Carbon.framework/Versions/A/Frameworks/HIToolbox.framework/Versions/A/HIToolbox
0x00007fff6bf58000 	/usr/lib/libicucore.A.dylib
0x00007fff4cd91000 	/System/Library/Frameworks/QuartzCore.framework/Versions/A/QuartzCore
0x00007fff41951000 	/System/Library/Frameworks/Carbon.framework/Versions/A/Frameworks/SpeechRecognition.framework/Versions/A/SpeechRecognition
0x00007fff6b3b9000 	/usr/lib/libauto.dylib
0x00007fff6d7ff000 	/usr/lib/libxml2.2.dylib
0x00007fff569ef000 	/System/Library/PrivateFrameworks/CoreUI.framework/Versions/A/CoreUI
0x00007fff41d62000 	/System/Library/Frameworks/CoreAudio.framework/Versions/A/CoreAudio
0x00007fff443a6000 	/System/Library/Frameworks/DiskArbitration.framework/Versions/A/DiskArbitration
0x00007fff6c206000 	/usr/lib/liblangid.dylib
0x00007fff60e70000 	/System/Library/PrivateFrameworks/MultitouchSupport.framework/Versions/A/MultitouchSupport
0x00007fff44c29000 	/System/Library/Frameworks/IOKit.framework/Versions/A/IOKit
0x00007fff6ae25000 	/usr/lib/libDiagnosticMessagesClient.dylib
0x00007fff43544000 	/System/Library/Frameworks/CoreServices.framework/Versions/A/CoreServices
0x00007fff62b2a000 	/System/Library/PrivateFrameworks/PerformanceAnalysis.framework/Versions/A/PerformanceAnalysis
0x00007fff4bf7f000 	/System/Library/Frameworks/OpenGL.framework/Versions/A/OpenGL
0x00007fff41a87000 	/System/Library/Frameworks/ColorSync.framework/Versions/A/ColorSync
0x00007fff42dc6000 	/System/Library/Frameworks/CoreImage.framework/Versions/A/CoreImage
0x00007fff43f1c000 	/System/Library/Frameworks/CoreText.framework/Versions/A/CoreText
0x00007fff44d1d000 	/System/Library/Frameworks/ImageIO.framework/Versions/A/ImageIO
0x00007fff53041000 	/System/Library/PrivateFrameworks/Backup.framework/Versions/A/Backup
0x00007fff6b30c000 	/usr/lib/libarchive.2.dylib
0x00007fff411c1000 	/System/Library/Frameworks/CFNetwork.framework/Versions/A/CFNetwork
0x00007fff4df79000 	/System/Library/Frameworks/SystemConfiguration.framework/Versions/A/SystemConfiguration
0x00007fff6ad56000 	/usr/lib/libCRFSuite.dylib
0x00007fff6b489000 	/usr/lib/libbsm.0.dylib
0x00007fff6e296000 	/usr/lib/system/libkxld.dylib
0x00007fff52432000 	/System/Library/PrivateFrameworks/AppleFSCompression.framework/Versions/A/AppleFSCompression
0x00007fff6b125000 	/usr/lib/libOpenScriptingUtil.dylib
0x00007fff6b7b1000 	/usr/lib/libcoretls.dylib
0x00007fff6b7c8000 	/usr/lib/libcoretls_cfhelpers.dylib
0x00007fff6d233000 	/usr/lib/libpam.2.dylib
0x00007fff6d3f3000 	/usr/lib/libsqlite3.dylib
0x00007fff6d7ed000 	/usr/lib/libxar.1.dylib
0x00007fff6b49a000 	/usr/lib/libbz2.1.0.dylib
0x00007fff6c208000 	/usr/lib/liblzma.5.dylib
0x00007fff6c6b9000 	/usr/lib/libnetwork.dylib
0x00007fff6b2f5000 	/usr/lib/libapple_nghttp2.dylib
0x00007fff6d23a000 	/usr/lib/libpcap.A.dylib
0x00007fff438e3000 	/System/Library/Frameworks/CoreServices.framework/Versions/A/Frameworks/FSEvents.framework/Versions/A/FSEvents
0x00007fff435c2000 	/System/Library/Frameworks/CoreServices.framework/Versions/A/Frameworks/CarbonCore.framework/Versions/A/CarbonCore
0x00007fff43a9e000 	/System/Library/Frameworks/CoreServices.framework/Versions/A/Frameworks/Metadata.framework/Versions/A/Metadata
0x00007fff43b3d000 	/System/Library/Frameworks/CoreServices.framework/Versions/A/Frameworks/OSServices.framework/Versions/A/OSServices
0x00007fff43b88000 	/System/Library/Frameworks/CoreServices.framework/Versions/A/Frameworks/SearchKit.framework/Versions/A/SearchKit
0x00007fff43545000 	/System/Library/Frameworks/CoreServices.framework/Versions/A/Frameworks/AE.framework/Versions/A/AE
0x00007fff438ec000 	/System/Library/Frameworks/CoreServices.framework/Versions/A/Frameworks/LaunchServices.framework/Versions/A/LaunchServices
0x00007fff4389a000 	/System/Library/Frameworks/CoreServices.framework/Versions/A/Frameworks/DictionaryServices.framework/Versions/A/DictionaryServices
0x00007fff43bf0000 	/System/Library/Frameworks/CoreServices.framework/Versions/A/Frameworks/SharedFileList.framework/Versions/A/SharedFileList
0x00007fff47f5a000 	/System/Library/Frameworks/NetFS.framework/Versions/A/NetFS
0x00007fff610d6000 	/System/Library/PrivateFrameworks/NetAuth.framework/Versions/A/NetAuth
0x00007fff6aa8a000 	/System/Library/PrivateFrameworks/login.framework/Versions/A/Frameworks/loginsupport.framework/Versions/A/loginsupport
0x00007fff68bab000 	/System/Library/PrivateFrameworks/TCC.framework/Versions/A/TCC
0x00007fff5604c000 	/System/Library/PrivateFrameworks/CoreNLP.framework/Versions/A/CoreNLP
0x00007fff60b6b000 	/System/Library/PrivateFrameworks/MetadataUtilities.framework/Versions/A/MetadataUtilities
0x00007fff6c2dd000 	/usr/lib/libmecabra.dylib
0x00007fff4070d000 	/System/Library/Frameworks/ApplicationServices.framework/Versions/A/Frameworks/ATS.framework/Versions/A/ATS
0x00007fff40a5c000 	/System/Library/Frameworks/ApplicationServices.framework/Versions/A/Frameworks/ColorSyncLegacy.framework/Versions/A/ColorSyncLegacy
0x00007fff40afb000 	/System/Library/Frameworks/ApplicationServices.framework/Versions/A/Frameworks/HIServices.framework/Versions/A/HIServices
0x00007fff40b4e000 	/System/Library/Frameworks/ApplicationServices.framework/Versions/A/Frameworks/LangAnalysis.framework/Versions/A/LangAnalysis
0x00007fff40b5e000 	/System/Library/Frameworks/ApplicationServices.framework/Versions/A/Frameworks/PrintCore.framework/Versions/A/PrintCore
0x00007fff40ba8000 	/System/Library/Frameworks/ApplicationServices.framework/Versions/A/Frameworks/QD.framework/Versions/A/QD
0x00007fff40be2000 	/System/Library/Frameworks/ApplicationServices.framework/Versions/A/Frameworks/SpeechSynthesis.framework/Versions/A/SpeechSynthesis
0x00007fff6b524000 	/usr/lib/libcompression.dylib
0x00007fff47162000 	/System/Library/Frameworks/MetalPerformanceShaders.framework/Versions/A/MetalPerformanceShaders
0x00007fff3e6e9000 	/System/Library/Frameworks/Accelerate.framework/Versions/A/Frameworks/vImage.framework/Versions/A/vImage
0x00007fff3f763000 	/System/Library/Frameworks/Accelerate.framework/Versions/A/Frameworks/vecLib.framework/Versions/A/vecLib
0x00007fff3f6af000 	/System/Library/Frameworks/Accelerate.framework/Versions/A/Frameworks/vecLib.framework/Versions/A/libvMisc.dylib
0x00007fff3f4c7000 	/System/Library/Frameworks/Accelerate.framework/Versions/A/Frameworks/vecLib.framework/Versions/A/libvDSP.dylib
0x00007fff3ed83000 	/System/Library/Frameworks/Accelerate.framework/Versions/A/Frameworks/vecLib.framework/Versions/A/libBLAS.dylib
0x00007fff3f070000 	/System/Library/Frameworks/Accelerate.framework/Versions/A/Frameworks/vecLib.framework/Versions/A/libLAPACK.dylib
0x00007fff3f41a000 	/System/Library/Frameworks/Accelerate.framework/Versions/A/Frameworks/vecLib.framework/Versions/A/libLinearAlgebra.dylib
0x00007fff3f4b3000 	/System/Library/Frameworks/Accelerate.framework/Versions/A/Frameworks/vecLib.framework/Versions/A/libSparseBLAS.dylib
0x00007fff3f430000 	/System/Library/Frameworks/Accelerate.framework/Versions/A/Frameworks/vecLib.framework/Versions/A/libQuadrature.dylib
0x00007fff3effd000 	/System/Library/Frameworks/Accelerate.framework/Versions/A/Frameworks/vecLib.framework/Versions/A/libBNNS.dylib
0x00007fff3f436000 	/System/Library/Frameworks/Accelerate.framework/Versions/A/Frameworks/vecLib.framework/Versions/A/libSparse.dylib
0x00007fff5d39a000 	/System/Library/PrivateFrameworks/GPUWrangler.framework/Versions/A/GPUWrangler
0x00007fff5f69a000 	/System/Library/PrivateFrameworks/IOAccelerator.framework/Versions/A/IOAccelerator
0x00007fff5f6a5000 	/System/Library/PrivateFrameworks/IOPresentment.framework/Versions/A/IOPresentment
0x00007fff56e24000 	/System/Library/PrivateFrameworks/DSExternalDisplay.framework/Versions/A/DSExternalDisplay
0x00007fff4b3d6000 	/System/Library/Frameworks/OpenGL.framework/Versions/A/Libraries/libCoreFSCache.dylib
0x00007fff46f56000 	/System/Library/Frameworks/MetalPerformanceShaders.framework/Frameworks/MPSCore.framework/Versions/A/MPSCore
0x00007fff46f76000 	/System/Library/Frameworks/MetalPerformanceShaders.framework/Frameworks/MPSImage.framework/Versions/A/MPSImage
0x00007fff4701b000 	/System/Library/Frameworks/MetalPerformanceShaders.framework/Frameworks/MPSNeuralNetwork.framework/Versions/A/MPSNeuralNetwork
0x00007fff46ff3000 	/System/Library/Frameworks/MetalPerformanceShaders.framework/Frameworks/MPSMatrix.framework/Versions/A/MPSMatrix
0x00007fff47147000 	/System/Library/Frameworks/MetalPerformanceShaders.framework/Frameworks/MPSRayIntersector.framework/Versions/A/MPSRayIntersector
0x00007fff60b94000 	/System/Library/PrivateFrameworks/MetalTools.framework/Versions/A/MetalTools
0x00007fff51cdc000 	/System/Library/PrivateFrameworks/AggregateDictionary.framework/Versions/A/AggregateDictionary
0x00007fff6b105000 	/usr/lib/libMobileGestalt.dylib
0x00007fff4407f000 	/System/Library/Frameworks/CoreVideo.framework/Versions/A/CoreVideo
0x00007fff5e1ab000 	/System/Library/PrivateFrameworks/GraphVisualizer.framework/Versions/A/GraphVisualizer
0x00007fff5802a000 	/System/Library/PrivateFrameworks/FaceCore.framework/Versions/A/FaceCore
0x00007fff4aa04000 	/System/Library/Frameworks/OpenCL.framework/Versions/A/OpenCL
0x00007fff6ae5d000 	/usr/lib/libFosl_dynamic.dylib
0x00007fff61941000 	/System/Library/PrivateFrameworks/OTSVG.framework/Versions/A/OTSVG
0x00007fff40811000 	/System/Library/Frameworks/ApplicationServices.framework/Versions/A/Frameworks/ATS.framework/Versions/A/Resources/libFontParser.dylib
0x00007fff40929000 	/System/Library/Frameworks/ApplicationServices.framework/Versions/A/Frameworks/ATS.framework/Versions/A/Resources/libFontRegistry.dylib
0x00007fff44f8b000 	/System/Library/Frameworks/ImageIO.framework/Versions/A/Resources/libJPEG.dylib
0x00007fff4529d000 	/System/Library/Frameworks/ImageIO.framework/Versions/A/Resources/libTIFF.dylib
0x00007fff45273000 	/System/Library/Frameworks/ImageIO.framework/Versions/A/Resources/libPng.dylib
0x00007fff44ea9000 	/System/Library/Frameworks/ImageIO.framework/Versions/A/Resources/libGIF.dylib
0x00007fff44eae000 	/System/Library/Frameworks/ImageIO.framework/Versions/A/Resources/libJP2.dylib
0x00007fff4529a000 	/System/Library/Frameworks/ImageIO.framework/Versions/A/Resources/libRadiance.dylib
0x00007fff52589000 	/System/Library/PrivateFrameworks/AppleJPEG.framework/Versions/A/AppleJPEG
0x00007fff4b3e1000 	/System/Library/Frameworks/OpenGL.framework/Versions/A/Libraries/libGFXShared.dylib
0x00007fff4b5a4000 	/System/Library/Frameworks/OpenGL.framework/Versions/A/Libraries/libGLU.dylib
0x00007fff4b3ea000 	/System/Library/Frameworks/OpenGL.framework/Versions/A/Libraries/libGL.dylib
0x00007fff4b3f6000 	/System/Library/Frameworks/OpenGL.framework/Versions/A/Libraries/libGLImage.dylib
0x00007fff4b3d3000 	/System/Library/Frameworks/OpenGL.framework/Versions/A/Libraries/libCVMSPluginSupport.dylib
0x00007fff4b3dc000 	/System/Library/Frameworks/OpenGL.framework/Versions/A/Libraries/libCoreVMClient.dylib
0x00007fff6bc75000 	/usr/lib/libcups.2.dylib
0x00007fff4645d000 	/System/Library/Frameworks/Kerberos.framework/Versions/A/Kerberos
0x00007fff4498d000 	/System/Library/Frameworks/GSS.framework/Versions/A/GSS
0x00007fff6d388000 	/usr/lib/libresolv.9.dylib
0x00007fff6be67000 	/usr/lib/libiconv.2.dylib
0x00007fff5e320000 	/System/Library/PrivateFrameworks/Heimdal.framework/Versions/A/Heimdal
0x00007fff6be37000 	/usr/lib/libheimdal-asn1.dylib
0x00007fff4aa78000 	/System/Library/Frameworks/OpenDirectory.framework/Versions/A/OpenDirectory
0x00007fff54daf000 	/System/Library/PrivateFrameworks/CommonAuth.framework/Versions/A/CommonAuth
0x00007fff4aa5c000 	/System/Library/Frameworks/OpenDirectory.framework/Versions/A/Frameworks/CFOpenDirectory.framework/Versions/A/CFOpenDirectory
0x00007fff4db1e000 	/System/Library/Frameworks/SecurityFoundation.framework/Versions/A/SecurityFoundation
0x00007fff51222000 	/System/Library/PrivateFrameworks/APFS.framework/Versions/A/APFS
0x00007fff6d7e9000 	/usr/lib/libutil.dylib
0x00007fff6b512000 	/usr/lib/libcharset.1.dylib
0x00007fff52826000 	/System/Library/PrivateFrameworks/AppleSauce.framework/Versions/A/AppleSauce
0x00007fff529a7000 	/System/Library/PrivateFrameworks/AssertionServices.framework/Versions/A/AssertionServices
0x00007fff530d7000 	/System/Library/PrivateFrameworks/BaseBoard.framework/Versions/A/BaseBoard
0x00007fff6c238000 	/usr/lib/libmecab.1.0.0.dylib
0x00007fff6be31000 	/usr/lib/libgermantok.dylib
0x00007fff6b2e2000 	/usr/lib/libThaiTokenizer.dylib
0x00007fff6ad8d000 	/usr/lib/libChineseTokenizer.dylib
0x00007fff5fd52000 	/System/Library/PrivateFrameworks/LanguageModeling.framework/Versions/A/LanguageModeling
0x00007fff55a91000 	/System/Library/PrivateFrameworks/CoreEmoji.framework/Versions/A/CoreEmoji
0x00007fff5fe2e000 	/System/Library/PrivateFrameworks/Lexicon.framework/Versions/A/Lexicon
0x00007fff5fe71000 	/System/Library/PrivateFrameworks/LinguisticData.framework/Versions/A/LinguisticData
0x00007fff6b513000 	/usr/lib/libcmph.dylib
0x00007fff4dbdc000 	/System/Library/Frameworks/ServiceManagement.framework/Versions/A/ServiceManagement
0x00007fff53038000 	/System/Library/PrivateFrameworks/BackgroundTaskManagement.framework/Versions/A/BackgroundTaskManagement
0x00007fff6d8e2000 	/usr/lib/libxslt.1.dylib
0x00007fff4187e000 	/System/Library/Frameworks/Carbon.framework/Versions/A/Frameworks/Ink.framework/Versions/A/Ink
0x00007fff68e1d000 	/System/Library/PrivateFrameworks/TextureIO.framework/Versions/A/TextureIO
0x00007fff6b336000 	/usr/lib/libate.dylib
0x00007fff56d73000 	/System/Library/PrivateFrameworks/CrashReporterSupport.framework/Versions/A/CrashReporterSupport
0x00007fff66557000 	/System/Library/PrivateFrameworks/Sharing.framework/Versions/A/Sharing
0x00007fff52d8a000 	/System/Library/PrivateFrameworks/AuthKit.framework/Versions/A/AuthKit
0x00007fff522de000 	/System/Library/PrivateFrameworks/Apple80211.framework/Versions/A/Apple80211
0x00007fff56b1b000 	/System/Library/PrivateFrameworks/CoreUtils.framework/Versions/A/CoreUtils
0x00007fff440c0000 	/System/Library/Frameworks/CoreWLAN.framework/Versions/A/CoreWLAN
0x00007fff44abc000 	/System/Library/Frameworks/IOBluetooth.framework/Versions/A/IOBluetooth
0x00007fff649cb000 	/System/Library/PrivateFrameworks/ProtocolBuffer.framework/Versions/A/ProtocolBuffer
0x00007fff60dcc000 	/System/Library/PrivateFrameworks/MobileKeyBag.framework/Versions/A/MobileKeyBag
0x00007fff5635f000 	/System/Library/PrivateFrameworks/CorePhoneNumbers.framework/Versions/A/CorePhoneNumbers
0x00007fff5253d000 	/System/Library/PrivateFrameworks/AppleIDAuthSupport.framework/Versions/A/AppleIDAuthSupport
0x00007fff5fd25000 	/System/Library/PrivateFrameworks/KeychainCircle.framework/Versions/A/KeychainCircle
0x00007fff64b81000 	/System/Library/PrivateFrameworks/ROCKit.framework/Versions/A/ROCKit
0x00007fff56d0f000 	/System/Library/PrivateFrameworks/CoreWiFi.framework/Versions/A/CoreWiFi
0x00007fff41e4c000 	/System/Library/Frameworks/CoreBluetooth.framework/Versions/A/CoreBluetooth
0x00007fff56f6a000 	/System/Library/PrivateFrameworks/DebugSymbols.framework/Versions/A/DebugSymbols
0x00007fff568db000 	/System/Library/PrivateFrameworks/CoreSymbolication.framework/Versions/A/CoreSymbolication
0x00007fff68638000 	/System/Library/PrivateFrameworks/Symbolication.framework/Versions/A/Symbolication
0x00007fff67edb000 	/System/Library/PrivateFrameworks/SpeechRecognitionCore.framework/Versions/A/SpeechRecognitionCore
0x00007fff369ea000 	/System/Library/CoreServices/Encodings/libKoreanConverter.dylib
0x0000000104400000 	/Library/Java/JavaVirtualMachines/zulu-17.jdk/Contents/Home/lib/server/libjvm.dylib
0x0000000103358000 	/Library/Java/JavaVirtualMachines/zulu-17.jdk/Contents/Home/lib/libjimage.dylib
0x0000000103366000 	/Library/Java/JavaVirtualMachines/zulu-17.jdk/Contents/Home/lib/libinstrument.dylib
0x0000000103376000 	/Library/Java/JavaVirtualMachines/zulu-17.jdk/Contents/Home/lib/./libjava.dylib
0x0000000107be6000 	/Library/Java/JavaVirtualMachines/zulu-17.jdk/Contents/Home/lib/libzip.dylib
0x0000000108440000 	/Library/Java/JavaVirtualMachines/zulu-17.jdk/Contents/Home/lib/libnio.dylib
0x0000000108455000 	/Library/Java/JavaVirtualMachines/zulu-17.jdk/Contents/Home/lib/./libnet.dylib
0x00000001033a1000 	/Library/Java/JavaVirtualMachines/zulu-17.jdk/Contents/Home/lib/libverify.dylib
0x0000000107bd9000 	/Users/macbook/.gradle/native/c067742578af261105cb4f569cf0c3c89f3d7b1fecec35dd04571415982c5e48/osx-amd64/libnative-platform.dylib
0x00000001216dc000 	/Users/macbook/.gradle/native/100fb08df4bc3b14c8652ba06237920a3bd2aa13389f12d3474272988ae205f9/osx-amd64/libnative-platform-file-events.dylib
0x0000000107bf4000 	/Library/Java/JavaVirtualMachines/zulu-17.jdk/Contents/Home/lib/libmanagement.dylib
0x000000010840e000 	/Library/Java/JavaVirtualMachines/zulu-17.jdk/Contents/Home/lib/libmanagement_ext.dylib
0x00000001033b3000 	/Library/Java/JavaVirtualMachines/zulu-17.jdk/Contents/Home/lib/libextnet.dylib


VM Arguments:
jvm_args: --add-opens=java.base/java.util=ALL-UNNAMED --add-opens=java.base/java.lang=ALL-UNNAMED --add-opens=java.base/java.lang.invoke=ALL-UNNAMED --add-opens=java.prefs/java.util.prefs=ALL-UNNAMED --add-opens=java.base/java.nio.charset=ALL-UNNAMED --add-opens=java.base/java.net=ALL-UNNAMED --add-opens=java.base/java.util.concurrent.atomic=ALL-UNNAMED -XX:MaxMetaspaceSize=384m -XX:+HeapDumpOnOutOfMemoryError -Xms256m -Xmx512m -Dfile.encoding=UTF-8 -Duser.country=KR -Duser.language=ko -Duser.variant -javaagent:/Users/macbook/.gradle/wrapper/dists/gradle-8.8-bin/dl7vupf4psengwqhwktix4v1/gradle-8.8/lib/agents/gradle-instrumentation-agent-8.8.jar 
java_command: org.gradle.launcher.daemon.bootstrap.GradleDaemon 8.8
java_class_path (initial): /Users/macbook/.gradle/wrapper/dists/gradle-8.8-bin/dl7vupf4psengwqhwktix4v1/gradle-8.8/lib/gradle-launcher-8.8.jar
Launcher Type: SUN_STANDARD

[Global flags]
     intx CICompilerCount                          = 4                                         {product} {ergonomic}
   size_t CompressedClassSpaceSize                 = 322961408                                 {product} {ergonomic}
     uint ConcGCThreads                            = 2                                         {product} {ergonomic}
     uint G1ConcRefinementThreads                  = 8                                         {product} {ergonomic}
   size_t G1HeapRegionSize                         = 1048576                                   {product} {ergonomic}
    uintx GCDrainStackTargetSize                   = 64                                        {product} {ergonomic}
     bool HeapDumpOnOutOfMemoryError               = true                                   {manageable} {command line}
   size_t InitialHeapSize                          = 268435456                                 {product} {command line}
   size_t MarkStackSize                            = 4194304                                   {product} {ergonomic}
   size_t MaxHeapSize                              = 536870912                                 {product} {command line}
   size_t MaxMetaspaceSize                         = 402653184                                 {product} {command line}
   size_t MaxNewSize                               = 321912832                                 {product} {ergonomic}
   size_t MinHeapDeltaBytes                        = 1048576                                   {product} {ergonomic}
   size_t MinHeapSize                              = 268435456                                 {product} {command line}
    uintx NonNMethodCodeHeapSize                   = 5839372                                {pd product} {ergonomic}
    uintx NonProfiledCodeHeapSize                  = 122909434                              {pd product} {ergonomic}
    uintx ProfiledCodeHeapSize                     = 122909434                              {pd product} {ergonomic}
    uintx ReservedCodeCacheSize                    = 251658240                              {pd product} {ergonomic}
     bool SegmentedCodeCache                       = true                                      {product} {ergonomic}
   size_t SoftMaxHeapSize                          = 536870912                              {manageable} {ergonomic}
     bool UseCompressedClassPointers               = true                           {product lp64_product} {ergonomic}
     bool UseCompressedOops                        = true                           {product lp64_product} {ergonomic}
     bool UseG1GC                                  = true                                      {product} {ergonomic}
     bool UseNUMA                                  = false                                     {product} {ergonomic}
     bool UseNUMAInterleaving                      = false                                     {product} {ergonomic}

Logging:
Log output configuration:
 #0: stdout all=warning uptime,level,tags
 #1: stderr all=off uptime,level,tags

Environment Variables:
PATH=/Users/macbook/.nvm/versions/node/v18.7.0/bin:/usr/local/bin:/usr/bin:/bin:/usr/sbin:/sbin
SHELL=/bin/zsh
LC_CTYPE=ko_KR.UTF-8
TMPDIR=/var/folders/99/th6gtsx17913d2kdnvwy8jrr0000gn/T/

Signal Handlers:
   SIGSEGV: _ZL13crash_handleriP9__siginfoPv in libjvm.dylib, mask=11100110000111110111111111111111, flags=SA_RESTART|SA_SIGINFO
    SIGBUS: _ZL13crash_handleriP9__siginfoPv in libjvm.dylib, mask=11100110000111110111111111111111, flags=SA_RESTART|SA_SIGINFO
    SIGFPE: _ZL13crash_handleriP9__siginfoPv in libjvm.dylib, mask=11100110000111110111111111111111, flags=SA_RESTART|SA_SIGINFO
   SIGPIPE: _ZL17javaSignalHandleriP9__siginfoPv in libjvm.dylib, mask=11100110000111110111111111111111, flags=SA_RESTART|SA_SIGINFO
   SIGXFSZ: _ZL17javaSignalHandleriP9__siginfoPv in libjvm.dylib, mask=11100110000111110111111111111111, flags=SA_RESTART|SA_SIGINFO
    SIGILL: _ZL13crash_handleriP9__siginfoPv in libjvm.dylib, mask=11100110000111110111111111111111, flags=SA_RESTART|SA_SIGINFO
   SIGUSR2: _ZL10SR_handleriP9__siginfoP17__darwin_ucontext in libjvm.dylib, mask=00100000000000000000000000000000, flags=SA_RESTART|SA_SIGINFO
    SIGHUP: _ZL11UserHandleriPvS_ in libjvm.dylib, mask=11100110000111110111111111111111, flags=SA_RESTART|SA_SIGINFO
    SIGINT: _ZL11UserHandleriPvS_ in libjvm.dylib, mask=11100110000111110111111111111111, flags=SA_RESTART|SA_SIGINFO
   SIGTERM: _ZL11UserHandleriPvS_ in libjvm.dylib, mask=11100110000111110111111111111111, flags=SA_RESTART|SA_SIGINFO
   SIGQUIT: _ZL11UserHandleriPvS_ in libjvm.dylib, mask=11100110000111110111111111111111, flags=SA_RESTART|SA_SIGINFO
   SIGTRAP: _ZL13crash_handleriP9__siginfoPv in libjvm.dylib, mask=11100110000111110111111111111111, flags=SA_RESTART|SA_SIGINFO


---------------  S Y S T E M  ---------------

OS:
uname: Darwin 18.7.0 Darwin Kernel Version 18.7.0: Tue Aug 20 16:57:14 PDT 2019; root:xnu-4903.271.2~2/RELEASE_X86_64 x86_64
OS uptime: 0 days 1:18 hours
rlimit (soft/hard): STACK 8192k/65532k , CORE 0k/infinity , NPROC 1418/2128 , NOFILE 10240/infinity , AS infinity/infinity , CPU infinity/infinity , DATA infinity/infinity , FSIZE infinity/infinity , MEMLOCK infinity/infinity , RSS infinity/infinity
load average: 1.59 1.68 1.80

CPU: total 8 (initial active 8) (4 cores per cpu, 2 threads per core) family 6 model 70 stepping 1 microcode 0x1c, cx8, cmov, fxsr, ht, mmx, sse, sse2, sse3, ssse3, sse4.1, sse4.2, popcnt, lzcnt, tsc, tscinvbit, avx, avx2, aes, erms, clmul, bmi1, bmi2, fma, vzeroupper, clflush

Memory: 4k page, physical 16777216k(2141184k free), swap 0k(0k free)

vm_info: OpenJDK 64-Bit Server VM (17.0.6+10-LTS) for bsd-amd64 JRE (17.0.6+10-LTS) (Zulu17.40+19-CA), built on Jan  4 2023 07:34:14 by "zulu_re" with clang 4.2.1 Compatible Apple LLVM 11.0.0 (clang-1100.0.33.17)

END.
